{"meta": {"format": 3, "version": "7.11.0", "timestamp": "2025-11-04T14:30:53.360923", "branch_coverage": false, "show_contexts": false}, "files": {"scripts/analyze-coverage-gaps.py": {"executed_lines": [], "summary": {"covered_lines": 0, "num_statements": 154, "percent_covered": 0.0, "percent_covered_display": "0", "missing_lines": 154, "excluded_lines": 0}, "missing_lines": [7, 8, 9, 10, 11, 14, 17, 134, 136, 137, 138, 141, 143, 145, 155, 156, 157, 158, 159, 161, 162, 165, 166, 167, 173, 176, 177, 180, 183, 184, 189, 196, 199, 201, 222, 223, 225, 234, 235, 237, 243, 245, 246, 247, 248, 250, 251, 252, 253, 254, 255, 256, 258, 259, 261, 266, 267, 270, 272, 289, 290, 291, 293, 302, 308, 309, 314, 315, 318, 323, 324, 325, 326, 328, 330, 338, 339, 342, 344, 360, 365, 366, 367, 368, 369, 370, 372, 373, 375, 383, 388, 389, 390, 391, 392, 393, 395, 396, 398, 406, 412, 413, 414, 415, 416, 417, 419, 420, 421, 422, 424, 425, 426, 428, 429, 431, 433, 441, 446, 447, 448, 449, 450, 451, 452, 453, 455, 456, 458, 459, 462, 463, 464, 465, 468, 469, 470, 471, 474, 475, 477, 478, 479, 481, 482, 483, 484, 485, 486, 487, 488, 489, 492, 493], "excluded_lines": [], "functions": {"load_inventory": {"executed_lines": [], "summary": {"covered_lines": 0, "num_statements": 3, "percent_covered": 0.0, "percent_covered_display": "0", "missing_lines": 3, "excluded_lines": 0}, "missing_lines": [136, 137, 138], "excluded_lines": []}, "analyze_coverage_gaps": {"executed_lines": [], "summary": {"covered_lines": 0, "num_statements": 20, "percent_covered": 0.0, "percent_covered_display": "0", "missing_lines": 20, "excluded_lines": 0}, "missing_lines": [143, 145, 155, 156, 157, 158, 159, 161, 162, 165, 166, 167, 173, 176, 177, 180, 183, 184, 189, 196], "excluded_lines": []}, "generate_coverage_matrix": {"executed_lines": [], "summary": {"covered_lines": 0, "num_statements": 24, "percent_covered": 0.0, "percent_covered_display": "0", "missing_lines": 24, "excluded_lines": 0}, "missing_lines": [201, 222, 223, 225, 234, 235, 237, 243, 245, 246, 247, 248, 250, 251, 252, 253, 254, 255, 256, 258, 259, 261, 266, 267], "excluded_lines": []}, "generate_uncovered_report": {"executed_lines": [], "summary": {"covered_lines": 0, "num_statements": 19, "percent_covered": 0.0, "percent_covered_display": "0", "missing_lines": 19, "excluded_lines": 0}, "missing_lines": [272, 289, 290, 291, 293, 302, 308, 309, 314, 315, 318, 323, 324, 325, 326, 328, 330, 338, 339], "excluded_lines": []}, "generate_high_priority_review": {"executed_lines": [], "summary": {"covered_lines": 0, "num_statements": 52, "percent_covered": 0.0, "percent_covered_display": "0", "missing_lines": 52, "excluded_lines": 0}, "missing_lines": [344, 360, 365, 366, 367, 368, 369, 370, 372, 373, 375, 383, 388, 389, 390, 391, 392, 393, 395, 396, 398, 406, 412, 413, 414, 415, 416, 417, 419, 420, 421, 422, 424, 425, 426, 428, 429, 431, 433, 441, 446, 447, 448, 449, 450, 451, 452, 453, 455, 456, 458, 459], "excluded_lines": []}, "main": {"executed_lines": [], "summary": {"covered_lines": 0, "num_statements": 21, "percent_covered": 0.0, "percent_covered_display": "0", "missing_lines": 21, "excluded_lines": 0}, "missing_lines": [463, 464, 465, 468, 469, 470, 471, 474, 475, 477, 478, 479, 481, 482, 483, 484, 485, 486, 487, 488, 489], "excluded_lines": []}, "": {"executed_lines": [], "summary": {"covered_lines": 0, "num_statements": 15, "percent_covered": 0.0, "percent_covered_display": "0", "missing_lines": 15, "excluded_lines": 0}, "missing_lines": [7, 8, 9, 10, 11, 14, 17, 134, 141, 199, 270, 342, 462, 492, 493], "excluded_lines": []}}, "classes": {"": {"executed_lines": [], "summary": {"covered_lines": 0, "num_statements": 154, "percent_covered": 0.0, "percent_covered_display": "0", "missing_lines": 154, "excluded_lines": 0}, "missing_lines": [7, 8, 9, 10, 11, 14, 17, 134, 136, 137, 138, 141, 143, 145, 155, 156, 157, 158, 159, 161, 162, 165, 166, 167, 173, 176, 177, 180, 183, 184, 189, 196, 199, 201, 222, 223, 225, 234, 235, 237, 243, 245, 246, 247, 248, 250, 251, 252, 253, 254, 255, 256, 258, 259, 261, 266, 267, 270, 272, 289, 290, 291, 293, 302, 308, 309, 314, 315, 318, 323, 324, 325, 326, 328, 330, 338, 339, 342, 344, 360, 365, 366, 367, 368, 369, 370, 372, 373, 375, 383, 388, 389, 390, 391, 392, 393, 395, 396, 398, 406, 412, 413, 414, 415, 416, 417, 419, 420, 421, 422, 424, 425, 426, 428, 429, 431, 433, 441, 446, 447, 448, 449, 450, 451, 452, 453, 455, 456, 458, 459, 462, 463, 464, 465, 468, 469, 470, 471, 474, 475, 477, 478, 479, 481, 482, 483, 484, 485, 486, 487, 488, 489, 492, 493], "excluded_lines": []}}}, "scripts/analyze_sap_quality.py": {"executed_lines": [], "summary": {"covered_lines": 0, "num_statements": 428, "percent_covered": 0.0, "percent_covered_display": "0", "missing_lines": 428, "excluded_lines": 0}, "missing_lines": [9, 10, 11, 12, 13, 15, 16, 18, 19, 20, 21, 22, 24, 25, 27, 28, 29, 30, 31, 32, 33, 34, 35, 36, 37, 39, 40, 46, 49, 50, 51, 53, 55, 56, 57, 58, 59, 60, 62, 64, 65, 66, 68, 69, 71, 72, 74, 75, 76, 78, 79, 82, 90, 92, 93, 94, 95, 101, 103, 106, 107, 108, 111, 112, 113, 114, 117, 119, 127, 141, 143, 144, 145, 147, 148, 149, 150, 153, 154, 160, 163, 164, 165, 166, 168, 169, 170, 171, 173, 174, 175, 176, 178, 179, 180, 181, 183, 184, 185, 186, 189, 190, 196, 199, 200, 206, 207, 208, 215, 217, 219, 220, 221, 224, 231, 232, 233, 239, 242, 243, 245, 247, 249, 250, 251, 254, 255, 261, 263, 266, 267, 269, 275, 278, 279, 281, 287, 289, 291, 293, 294, 295, 298, 299, 301, 302, 308, 309, 310, 313, 314, 315, 321, 322, 323, 325, 327, 329, 330, 331, 334, 335, 341, 343, 346, 347, 348, 354, 355, 356, 359, 360, 366, 369, 370, 376, 378, 380, 382, 384, 385, 386, 389, 390, 396, 398, 401, 402, 408, 410, 413, 414, 416, 422, 424, 426, 428, 429, 430, 432, 434, 435, 436, 438, 439, 440, 442, 444, 446, 449, 450, 451, 454, 455, 457, 459, 461, 462, 463, 465, 466, 467, 469, 471, 482, 483, 486, 487, 488, 489, 490, 493, 494, 495, 498, 499, 500, 503, 504, 505, 508, 509, 510, 512, 513, 520, 521, 522, 523, 524, 532, 533, 534, 535, 536, 539, 540, 541, 544, 545, 546, 549, 550, 551, 553, 554, 561, 562, 563, 564, 565, 573, 574, 575, 576, 577, 580, 581, 582, 585, 586, 587, 590, 591, 592, 595, 596, 597, 598, 599, 601, 602, 603, 605, 606, 613, 614, 615, 616, 617, 625, 626, 627, 628, 629, 632, 633, 634, 637, 638, 639, 642, 643, 644, 647, 648, 649, 652, 653, 654, 656, 657, 664, 665, 666, 667, 668, 676, 677, 678, 679, 680, 683, 684, 686, 687, 690, 691, 692, 694, 695, 702, 703, 704, 705, 706, 714, 715, 717, 720, 726, 728, 730, 750, 752, 753, 756, 758, 759, 760, 761, 762, 763, 766, 772, 773, 774, 776, 779, 780, 781, 783, 784, 785, 786, 789, 790, 791, 792, 794, 795, 796, 797, 800, 801, 802, 803, 804, 805, 806, 808, 809, 810, 811, 814, 815, 816, 818, 819, 820, 822, 823, 824, 825, 826, 828, 829, 830, 831, 833, 835, 836, 837, 839, 840, 841, 842, 845, 846, 847, 848, 849, 850, 852, 853, 854, 857, 858], "excluded_lines": [], "functions": {"SAPQualityReport.to_dict": {"executed_lines": [], "summary": {"covered_lines": 0, "num_statements": 1, "percent_covered": 0.0, "percent_covered_display": "0", "missing_lines": 1, "excluded_lines": 0}, "missing_lines": [40], "excluded_lines": []}, "SAPQualityAnalyzer.__init__": {"executed_lines": [], "summary": {"covered_lines": 0, "num_statements": 2, "percent_covered": 0.0, "percent_covered_display": "0", "missing_lines": 2, "excluded_lines": 0}, "missing_lines": [50, 51], "excluded_lines": []}, "SAPQualityAnalyzer.load_catalog": {"executed_lines": [], "summary": {"covered_lines": 0, "num_statements": 6, "percent_covered": 0.0, "percent_covered_display": "0", "missing_lines": 6, "excluded_lines": 0}, "missing_lines": [55, 56, 57, 58, 59, 60], "excluded_lines": []}, "SAPQualityAnalyzer.analyze_sap": {"executed_lines": [], "summary": {"covered_lines": 0, "num_statements": 30, "percent_covered": 0.0, "percent_covered_display": "0", "missing_lines": 30, "excluded_lines": 0}, "missing_lines": [64, 65, 66, 68, 69, 71, 72, 74, 75, 76, 78, 79, 82, 90, 92, 93, 94, 95, 101, 103, 106, 107, 108, 111, 112, 113, 114, 117, 119, 127], "excluded_lines": []}, "SAPQualityAnalyzer._analyze_artifact": {"executed_lines": [], "summary": {"covered_lines": 0, "num_statements": 39, "percent_covered": 0.0, "percent_covered_display": "0", "missing_lines": 39, "excluded_lines": 0}, "missing_lines": [143, 144, 145, 147, 148, 149, 150, 153, 154, 160, 163, 164, 165, 166, 168, 169, 170, 171, 173, 174, 175, 176, 178, 179, 180, 181, 183, 184, 185, 186, 189, 190, 196, 199, 200, 206, 207, 208, 215], "excluded_lines": []}, "SAPQualityAnalyzer._check_charter": {"executed_lines": [], "summary": {"covered_lines": 0, "num_statements": 11, "percent_covered": 0.0, "percent_covered_display": "0", "missing_lines": 11, "excluded_lines": 0}, "missing_lines": [219, 220, 221, 224, 231, 232, 233, 239, 242, 243, 245], "excluded_lines": []}, "SAPQualityAnalyzer._check_protocol": {"executed_lines": [], "summary": {"covered_lines": 0, "num_statements": 16, "percent_covered": 0.0, "percent_covered_display": "0", "missing_lines": 16, "excluded_lines": 0}, "missing_lines": [249, 250, 251, 254, 255, 261, 263, 266, 267, 269, 275, 278, 279, 281, 287, 289], "excluded_lines": []}, "SAPQualityAnalyzer._check_awareness": {"executed_lines": [], "summary": {"covered_lines": 0, "num_statements": 17, "percent_covered": 0.0, "percent_covered_display": "0", "missing_lines": 17, "excluded_lines": 0}, "missing_lines": [293, 294, 295, 298, 299, 301, 302, 308, 309, 310, 313, 314, 315, 321, 322, 323, 325], "excluded_lines": []}, "SAPQualityAnalyzer._check_adoption": {"executed_lines": [], "summary": {"covered_lines": 0, "num_statements": 21, "percent_covered": 0.0, "percent_covered_display": "0", "missing_lines": 21, "excluded_lines": 0}, "missing_lines": [329, 330, 331, 334, 335, 341, 343, 346, 347, 348, 354, 355, 356, 359, 360, 366, 369, 370, 376, 378, 380], "excluded_lines": []}, "SAPQualityAnalyzer._check_ledger": {"executed_lines": [], "summary": {"covered_lines": 0, "num_statements": 16, "percent_covered": 0.0, "percent_covered_display": "0", "missing_lines": 16, "excluded_lines": 0}, "missing_lines": [384, 385, 386, 389, 390, 396, 398, 401, 402, 408, 410, 413, 414, 416, 422, 424], "excluded_lines": []}, "SAPQualityAnalyzer._calculate_completeness_score": {"executed_lines": [], "summary": {"covered_lines": 0, "num_statements": 3, "percent_covered": 0.0, "percent_covered_display": "0", "missing_lines": 3, "excluded_lines": 0}, "missing_lines": [428, 429, 430], "excluded_lines": []}, "SAPQualityAnalyzer._calculate_clarity_score": {"executed_lines": [], "summary": {"covered_lines": 0, "num_statements": 7, "percent_covered": 0.0, "percent_covered_display": "0", "missing_lines": 7, "excluded_lines": 0}, "missing_lines": [434, 435, 436, 438, 439, 440, 442], "excluded_lines": []}, "SAPQualityAnalyzer._calculate_examples_score": {"executed_lines": [], "summary": {"covered_lines": 0, "num_statements": 7, "percent_covered": 0.0, "percent_covered_display": "0", "missing_lines": 7, "excluded_lines": 0}, "missing_lines": [446, 449, 450, 451, 454, 455, 457], "excluded_lines": []}, "SAPQualityAnalyzer._calculate_structure_score": {"executed_lines": [], "summary": {"covered_lines": 0, "num_statements": 7, "percent_covered": 0.0, "percent_covered_display": "0", "missing_lines": 7, "excluded_lines": 0}, "missing_lines": [461, 462, 463, 465, 466, 467, 469], "excluded_lines": []}, "SAPQualityAnalyzer._calculate_diataxis_score": {"executed_lines": [], "summary": {"covered_lines": 0, "num_statements": 127, "percent_covered": 0.0, "percent_covered_display": "0", "missing_lines": 127, "excluded_lines": 0}, "missing_lines": [482, 483, 486, 487, 488, 489, 490, 493, 494, 495, 498, 499, 500, 503, 504, 505, 508, 509, 510, 512, 513, 520, 521, 522, 523, 524, 532, 533, 534, 535, 536, 539, 540, 541, 544, 545, 546, 549, 550, 551, 553, 554, 561, 562, 563, 564, 565, 573, 574, 575, 576, 577, 580, 581, 582, 585, 586, 587, 590, 591, 592, 595, 596, 597, 598, 599, 601, 602, 603, 605, 606, 613, 614, 615, 616, 617, 625, 626, 627, 628, 629, 632, 633, 634, 637, 638, 639, 642, 643, 644, 647, 648, 649, 652, 653, 654, 656, 657, 664, 665, 666, 667, 668, 676, 677, 678, 679, 680, 683, 684, 686, 687, 690, 691, 692, 694, 695, 702, 703, 704, 705, 706, 714, 715, 717, 720, 726], "excluded_lines": []}, "SAPQualityAnalyzer._create_missing_sap_report": {"executed_lines": [], "summary": {"covered_lines": 0, "num_statements": 1, "percent_covered": 0.0, "percent_covered_display": "0", "missing_lines": 1, "excluded_lines": 0}, "missing_lines": [730], "excluded_lines": []}, "main": {"executed_lines": [], "summary": {"covered_lines": 0, "num_statements": 72, "percent_covered": 0.0, "percent_covered_display": "0", "missing_lines": 72, "excluded_lines": 0}, "missing_lines": [752, 753, 756, 758, 759, 760, 761, 762, 763, 766, 772, 773, 774, 776, 779, 780, 781, 783, 784, 785, 786, 789, 790, 791, 792, 794, 795, 796, 797, 800, 801, 802, 803, 804, 805, 806, 808, 809, 810, 811, 814, 815, 816, 818, 819, 820, 822, 823, 824, 825, 826, 828, 829, 830, 831, 833, 835, 836, 837, 839, 840, 841, 842, 845, 846, 847, 848, 849, 850, 852, 853, 854], "excluded_lines": []}, "": {"executed_lines": [], "summary": {"covered_lines": 0, "num_statements": 45, "percent_covered": 0.0, "percent_covered_display": "0", "missing_lines": 45, "excluded_lines": 0}, "missing_lines": [9, 10, 11, 12, 13, 15, 16, 18, 19, 20, 21, 22, 24, 25, 27, 28, 29, 30, 31, 32, 33, 34, 35, 36, 37, 39, 46, 49, 53, 62, 141, 217, 247, 291, 327, 382, 426, 432, 444, 459, 471, 728, 750, 857, 858], "excluded_lines": []}}, "classes": {"QualityIssue": {"executed_lines": [], "summary": {"covered_lines": 0, "num_statements": 0, "percent_covered": 100.0, "percent_covered_display": "100", "missing_lines": 0, "excluded_lines": 0}, "missing_lines": [], "excluded_lines": []}, "SAPQualityReport": {"executed_lines": [], "summary": {"covered_lines": 0, "num_statements": 1, "percent_covered": 0.0, "percent_covered_display": "0", "missing_lines": 1, "excluded_lines": 0}, "missing_lines": [40], "excluded_lines": []}, "SAPQualityAnalyzer": {"executed_lines": [], "summary": {"covered_lines": 0, "num_statements": 310, "percent_covered": 0.0, "percent_covered_display": "0", "missing_lines": 310, "excluded_lines": 0}, "missing_lines": [50, 51, 55, 56, 57, 58, 59, 60, 64, 65, 66, 68, 69, 71, 72, 74, 75, 76, 78, 79, 82, 90, 92, 93, 94, 95, 101, 103, 106, 107, 108, 111, 112, 113, 114, 117, 119, 127, 143, 144, 145, 147, 148, 149, 150, 153, 154, 160, 163, 164, 165, 166, 168, 169, 170, 171, 173, 174, 175, 176, 178, 179, 180, 181, 183, 184, 185, 186, 189, 190, 196, 199, 200, 206, 207, 208, 215, 219, 220, 221, 224, 231, 232, 233, 239, 242, 243, 245, 249, 250, 251, 254, 255, 261, 263, 266, 267, 269, 275, 278, 279, 281, 287, 289, 293, 294, 295, 298, 299, 301, 302, 308, 309, 310, 313, 314, 315, 321, 322, 323, 325, 329, 330, 331, 334, 335, 341, 343, 346, 347, 348, 354, 355, 356, 359, 360, 366, 369, 370, 376, 378, 380, 384, 385, 386, 389, 390, 396, 398, 401, 402, 408, 410, 413, 414, 416, 422, 424, 428, 429, 430, 434, 435, 436, 438, 439, 440, 442, 446, 449, 450, 451, 454, 455, 457, 461, 462, 463, 465, 466, 467, 469, 482, 483, 486, 487, 488, 489, 490, 493, 494, 495, 498, 499, 500, 503, 504, 505, 508, 509, 510, 512, 513, 520, 521, 522, 523, 524, 532, 533, 534, 535, 536, 539, 540, 541, 544, 545, 546, 549, 550, 551, 553, 554, 561, 562, 563, 564, 565, 573, 574, 575, 576, 577, 580, 581, 582, 585, 586, 587, 590, 591, 592, 595, 596, 597, 598, 599, 601, 602, 603, 605, 606, 613, 614, 615, 616, 617, 625, 626, 627, 628, 629, 632, 633, 634, 637, 638, 639, 642, 643, 644, 647, 648, 649, 652, 653, 654, 656, 657, 664, 665, 666, 667, 668, 676, 677, 678, 679, 680, 683, 684, 686, 687, 690, 691, 692, 694, 695, 702, 703, 704, 705, 706, 714, 715, 717, 720, 726, 730], "excluded_lines": []}, "": {"executed_lines": [], "summary": {"covered_lines": 0, "num_statements": 117, "percent_covered": 0.0, "percent_covered_display": "0", "missing_lines": 117, "excluded_lines": 0}, "missing_lines": [9, 10, 11, 12, 13, 15, 16, 18, 19, 20, 21, 22, 24, 25, 27, 28, 29, 30, 31, 32, 33, 34, 35, 36, 37, 39, 46, 49, 53, 62, 141, 217, 247, 291, 327, 382, 426, 432, 444, 459, 471, 728, 750, 752, 753, 756, 758, 759, 760, 761, 762, 763, 766, 772, 773, 774, 776, 779, 780, 781, 783, 784, 785, 786, 789, 790, 791, 792, 794, 795, 796, 797, 800, 801, 802, 803, 804, 805, 806, 808, 809, 810, 811, 814, 815, 816, 818, 819, 820, 822, 823, 824, 825, 826, 828, 829, 830, 831, 833, 835, 836, 837, 839, 840, 841, 842, 845, 846, 847, 848, 849, 850, 852, 853, 854, 857, 858], "excluded_lines": []}}}, "scripts/bump-version.py": {"executed_lines": [], "summary": {"covered_lines": 0, "num_statements": 107, "percent_covered": 0.0, "percent_covered_display": "0", "missing_lines": 107, "excluded_lines": 0}, "missing_lines": [28, 29, 30, 31, 32, 33, 36, 45, 48, 58, 60, 61, 62, 64, 65, 66, 67, 68, 71, 72, 88, 89, 91, 92, 93, 94, 96, 97, 98, 101, 102, 104, 105, 106, 107, 108, 109, 112, 113, 114, 115, 116, 117, 118, 121, 131, 132, 133, 135, 136, 137, 138, 139, 140, 142, 144, 147, 153, 156, 161, 163, 165, 166, 167, 168, 169, 170, 171, 172, 175, 181, 182, 183, 184, 185, 186, 187, 188, 189, 190, 191, 192, 195, 206, 207, 208, 209, 211, 212, 213, 216, 217, 220, 221, 224, 225, 227, 229, 232, 234, 238, 242, 248, 250, 251, 254, 255], "excluded_lines": [], "functions": {"validate_version": {"executed_lines": [], "summary": {"covered_lines": 0, "num_statements": 1, "percent_covered": 0.0, "percent_covered_display": "0", "missing_lines": 1, "excluded_lines": 0}, "missing_lines": [45], "excluded_lines": []}, "update_changelog": {"executed_lines": [], "summary": {"covered_lines": 0, "num_statements": 35, "percent_covered": 0.0, "percent_covered_display": "0", "missing_lines": 35, "excluded_lines": 0}, "missing_lines": [58, 60, 61, 62, 64, 65, 66, 67, 68, 71, 72, 88, 89, 91, 92, 93, 94, 96, 97, 98, 101, 102, 104, 105, 106, 107, 108, 109, 112, 113, 114, 115, 116, 117, 118], "excluded_lines": []}, "create_git_commit_and_tag": {"executed_lines": [], "summary": {"covered_lines": 0, "num_statements": 24, "percent_covered": 0.0, "percent_covered_display": "0", "missing_lines": 24, "excluded_lines": 0}, "missing_lines": [131, 132, 133, 135, 136, 137, 138, 139, 140, 142, 144, 147, 153, 156, 161, 163, 165, 166, 167, 168, 169, 170, 171, 172], "excluded_lines": []}, "show_next_steps": {"executed_lines": [], "summary": {"covered_lines": 0, "num_statements": 12, "percent_covered": 0.0, "percent_covered_display": "0", "missing_lines": 12, "excluded_lines": 0}, "missing_lines": [181, 182, 183, 184, 185, 186, 187, 188, 189, 190, 191, 192], "excluded_lines": []}, "bump_version": {"executed_lines": [], "summary": {"covered_lines": 0, "num_statements": 15, "percent_covered": 0.0, "percent_covered_display": "0", "missing_lines": 15, "excluded_lines": 0}, "missing_lines": [206, 207, 208, 209, 211, 212, 213, 216, 217, 220, 221, 224, 225, 227, 229], "excluded_lines": []}, "main": {"executed_lines": [], "summary": {"covered_lines": 0, "num_statements": 6, "percent_covered": 0.0, "percent_covered_display": "0", "missing_lines": 6, "excluded_lines": 0}, "missing_lines": [234, 238, 242, 248, 250, 251], "excluded_lines": []}, "": {"executed_lines": [], "summary": {"covered_lines": 0, "num_statements": 14, "percent_covered": 0.0, "percent_covered_display": "0", "missing_lines": 14, "excluded_lines": 0}, "missing_lines": [28, 29, 30, 31, 32, 33, 36, 48, 121, 175, 195, 232, 254, 255], "excluded_lines": []}}, "classes": {"": {"executed_lines": [], "summary": {"covered_lines": 0, "num_statements": 107, "percent_covered": 0.0, "percent_covered_display": "0", "missing_lines": 107, "excluded_lines": 0}, "missing_lines": [28, 29, 30, 31, 32, 33, 36, 45, 48, 58, 60, 61, 62, 64, 65, 66, 67, 68, 71, 72, 88, 89, 91, 92, 93, 94, 96, 97, 98, 101, 102, 104, 105, 106, 107, 108, 109, 112, 113, 114, 115, 116, 117, 118, 121, 131, 132, 133, 135, 136, 137, 138, 139, 140, 142, 144, 147, 153, 156, 161, 163, 165, 166, 167, 168, 169, 170, 171, 172, 175, 181, 182, 183, 184, 185, 186, 187, 188, 189, 190, 191, 192, 195, 206, 207, 208, 209, 211, 212, 213, 216, 217, 220, 221, 224, 225, 227, 229, 232, 234, 238, 242, 248, 250, 251, 254, 255], "excluded_lines": []}}}, "scripts/chora-search.py": {"executed_lines": [], "summary": {"covered_lines": 0, "num_statements": 221, "percent_covered": 0.0, "percent_covered_display": "0", "missing_lines": 221, "excluded_lines": 0}, "missing_lines": [15, 16, 17, 18, 19, 23, 24, 27, 28, 29, 30, 31, 32, 33, 34, 37, 40, 42, 43, 45, 47, 48, 49, 51, 52, 55, 56, 59, 60, 61, 62, 65, 66, 67, 68, 71, 72, 73, 74, 75, 76, 77, 78, 80, 82, 83, 85, 86, 90, 91, 95, 96, 97, 98, 99, 100, 101, 102, 104, 106, 108, 109, 121, 123, 125, 127, 133, 134, 136, 137, 140, 141, 143, 144, 146, 147, 149, 150, 152, 153, 155, 156, 159, 160, 162, 163, 166, 167, 169, 175, 176, 178, 179, 182, 183, 186, 187, 188, 189, 192, 193, 194, 195, 196, 197, 199, 200, 202, 203, 205, 208, 209, 210, 212, 213, 216, 217, 218, 219, 221, 223, 225, 227, 229, 232, 234, 235, 236, 237, 238, 239, 241, 242, 244, 245, 247, 248, 250, 251, 253, 254, 255, 256, 258, 259, 262, 264, 267, 268, 274, 279, 284, 288, 292, 296, 302, 305, 307, 308, 309, 312, 313, 314, 315, 316, 317, 318, 321, 322, 323, 324, 325, 326, 327, 328, 329, 332, 333, 334, 335, 336, 337, 338, 339, 340, 343, 344, 345, 346, 347, 348, 349, 350, 351, 354, 355, 356, 357, 358, 359, 360, 361, 362, 363, 364, 366, 367, 368, 369, 370, 371, 374, 377, 378, 379, 380, 381, 384, 385, 388, 389], "excluded_lines": [], "functions": {"GlossarySearch.__init__": {"executed_lines": [], "summary": {"covered_lines": 0, "num_statements": 2, "percent_covered": 0.0, "percent_covered_display": "0", "missing_lines": 2, "excluded_lines": 0}, "missing_lines": [42, 43], "excluded_lines": []}, "GlossarySearch._load_glossary": {"executed_lines": [], "summary": {"covered_lines": 0, "num_statements": 45, "percent_covered": 0.0, "percent_covered_display": "0", "missing_lines": 45, "excluded_lines": 0}, "missing_lines": [47, 48, 49, 51, 52, 55, 56, 59, 60, 61, 62, 65, 66, 67, 68, 71, 72, 73, 74, 75, 76, 77, 78, 80, 82, 83, 85, 86, 90, 91, 95, 96, 97, 98, 99, 100, 101, 102, 104, 106, 108, 109, 121, 123, 125], "excluded_lines": []}, "GlossarySearch.search": {"executed_lines": [], "summary": {"covered_lines": 0, "num_statements": 22, "percent_covered": 0.0, "percent_covered_display": "0", "missing_lines": 22, "excluded_lines": 0}, "missing_lines": [133, 134, 136, 137, 140, 141, 143, 144, 146, 147, 149, 150, 152, 153, 155, 156, 159, 160, 162, 163, 166, 167], "excluded_lines": []}, "GlossarySearch.reverse_search": {"executed_lines": [], "summary": {"covered_lines": 0, "num_statements": 20, "percent_covered": 0.0, "percent_covered_display": "0", "missing_lines": 20, "excluded_lines": 0}, "missing_lines": [175, 176, 178, 179, 182, 183, 186, 187, 188, 189, 192, 193, 194, 195, 196, 197, 199, 200, 202, 203], "excluded_lines": []}, "GlossarySearch.get_related": {"executed_lines": [], "summary": {"covered_lines": 0, "num_statements": 10, "percent_covered": 0.0, "percent_covered_display": "0", "missing_lines": 10, "excluded_lines": 0}, "missing_lines": [208, 209, 210, 212, 213, 216, 217, 218, 219, 221], "excluded_lines": []}, "GlossarySearch.by_category": {"executed_lines": [], "summary": {"covered_lines": 0, "num_statements": 1, "percent_covered": 0.0, "percent_covered_display": "0", "missing_lines": 1, "excluded_lines": 0}, "missing_lines": [225], "excluded_lines": []}, "GlossarySearch.by_sap": {"executed_lines": [], "summary": {"covered_lines": 0, "num_statements": 1, "percent_covered": 0.0, "percent_covered_display": "0", "missing_lines": 1, "excluded_lines": 0}, "missing_lines": [229], "excluded_lines": []}, "display_entry": {"executed_lines": [], "summary": {"covered_lines": 0, "num_statements": 20, "percent_covered": 0.0, "percent_covered_display": "0", "missing_lines": 20, "excluded_lines": 0}, "missing_lines": [234, 235, 236, 237, 238, 239, 241, 242, 244, 245, 247, 248, 250, 251, 253, 254, 255, 256, 258, 259], "excluded_lines": []}, "main": {"executed_lines": [], "summary": {"covered_lines": 0, "num_statements": 73, "percent_covered": 0.0, "percent_covered_display": "0", "missing_lines": 73, "excluded_lines": 0}, "missing_lines": [264, 267, 268, 274, 279, 284, 288, 292, 296, 302, 305, 307, 308, 309, 312, 313, 314, 315, 316, 317, 318, 321, 322, 323, 324, 325, 326, 327, 328, 329, 332, 333, 334, 335, 336, 337, 338, 339, 340, 343, 344, 345, 346, 347, 348, 349, 350, 351, 354, 355, 356, 357, 358, 359, 360, 361, 362, 363, 364, 366, 367, 368, 369, 370, 371, 374, 377, 378, 379, 380, 381, 384, 385], "excluded_lines": []}, "": {"executed_lines": [], "summary": {"covered_lines": 0, "num_statements": 27, "percent_covered": 0.0, "percent_covered_display": "0", "missing_lines": 27, "excluded_lines": 0}, "missing_lines": [15, 16, 17, 18, 19, 23, 24, 27, 28, 29, 30, 31, 32, 33, 34, 37, 40, 45, 127, 169, 205, 223, 227, 232, 262, 388, 389], "excluded_lines": []}}, "classes": {"GlossaryEntry": {"executed_lines": [], "summary": {"covered_lines": 0, "num_statements": 0, "percent_covered": 100.0, "percent_covered_display": "100", "missing_lines": 0, "excluded_lines": 0}, "missing_lines": [], "excluded_lines": []}, "GlossarySearch": {"executed_lines": [], "summary": {"covered_lines": 0, "num_statements": 101, "percent_covered": 0.0, "percent_covered_display": "0", "missing_lines": 101, "excluded_lines": 0}, "missing_lines": [42, 43, 47, 48, 49, 51, 52, 55, 56, 59, 60, 61, 62, 65, 66, 67, 68, 71, 72, 73, 74, 75, 76, 77, 78, 80, 82, 83, 85, 86, 90, 91, 95, 96, 97, 98, 99, 100, 101, 102, 104, 106, 108, 109, 121, 123, 125, 133, 134, 136, 137, 140, 141, 143, 144, 146, 147, 149, 150, 152, 153, 155, 156, 159, 160, 162, 163, 166, 167, 175, 176, 178, 179, 182, 183, 186, 187, 188, 189, 192, 193, 194, 195, 196, 197, 199, 200, 202, 203, 208, 209, 210, 212, 213, 216, 217, 218, 219, 221, 225, 229], "excluded_lines": []}, "": {"executed_lines": [], "summary": {"covered_lines": 0, "num_statements": 120, "percent_covered": 0.0, "percent_covered_display": "0", "missing_lines": 120, "excluded_lines": 0}, "missing_lines": [15, 16, 17, 18, 19, 23, 24, 27, 28, 29, 30, 31, 32, 33, 34, 37, 40, 45, 127, 169, 205, 223, 227, 232, 234, 235, 236, 237, 238, 239, 241, 242, 244, 245, 247, 248, 250, 251, 253, 254, 255, 256, 258, 259, 262, 264, 267, 268, 274, 279, 284, 288, 292, 296, 302, 305, 307, 308, 309, 312, 313, 314, 315, 316, 317, 318, 321, 322, 323, 324, 325, 326, 327, 328, 329, 332, 333, 334, 335, 336, 337, 338, 339, 340, 343, 344, 345, 346, 347, 348, 349, 350, 351, 354, 355, 356, 357, 358, 359, 360, 361, 362, 363, 364, 366, 367, 368, 369, 370, 371, 374, 377, 378, 379, 380, 381, 384, 385, 388, 389], "excluded_lines": []}}}, "scripts/create-release.py": {"executed_lines": [], "summary": {"covered_lines": 0, "num_statements": 118, "percent_covered": 0.0, "percent_covered_display": "0", "missing_lines": 118, "excluded_lines": 0}, "missing_lines": [32, 33, 34, 35, 36, 39, 45, 46, 53, 54, 55, 56, 57, 58, 61, 70, 72, 73, 74, 76, 77, 78, 79, 80, 84, 85, 87, 89, 91, 92, 94, 97, 103, 105, 112, 118, 119, 120, 121, 123, 125, 126, 127, 128, 129, 130, 131, 132, 133, 134, 137, 148, 149, 151, 152, 153, 154, 155, 157, 158, 159, 160, 162, 163, 164, 167, 168, 169, 172, 178, 179, 181, 182, 183, 186, 187, 190, 201, 202, 203, 205, 206, 207, 208, 209, 211, 214, 215, 216, 217, 219, 220, 223, 224, 227, 228, 230, 231, 232, 234, 237, 238, 240, 241, 242, 243, 244, 245, 247, 250, 252, 256, 260, 266, 268, 269, 272, 273], "excluded_lines": [], "functions": {"get_current_git_tag": {"executed_lines": [], "summary": {"covered_lines": 0, "num_statements": 8, "percent_covered": 0.0, "percent_covered_display": "0", "missing_lines": 8, "excluded_lines": 0}, "missing_lines": [45, 46, 53, 54, 55, 56, 57, 58], "excluded_lines": []}, "extract_changelog_section": {"executed_lines": [], "summary": {"covered_lines": 0, "num_statements": 16, "percent_covered": 0.0, "percent_covered_display": "0", "missing_lines": 16, "excluded_lines": 0}, "missing_lines": [70, 72, 73, 74, 76, 77, 78, 79, 80, 84, 85, 87, 89, 91, 92, 94], "excluded_lines": []}, "check_gh_cli": {"executed_lines": [], "summary": {"covered_lines": 0, "num_statements": 18, "percent_covered": 0.0, "percent_covered_display": "0", "missing_lines": 18, "excluded_lines": 0}, "missing_lines": [103, 105, 112, 118, 119, 120, 121, 123, 125, 126, 127, 128, 129, 130, 131, 132, 133, 134], "excluded_lines": []}, "create_github_release": {"executed_lines": [], "summary": {"covered_lines": 0, "num_statements": 25, "percent_covered": 0.0, "percent_covered_display": "0", "missing_lines": 25, "excluded_lines": 0}, "missing_lines": [148, 149, 151, 152, 153, 154, 155, 157, 158, 159, 160, 162, 163, 164, 167, 168, 169, 172, 178, 179, 181, 182, 183, 186, 187], "excluded_lines": []}, "create_release": {"executed_lines": [], "summary": {"covered_lines": 0, "num_statements": 32, "percent_covered": 0.0, "percent_covered_display": "0", "missing_lines": 32, "excluded_lines": 0}, "missing_lines": [201, 202, 203, 205, 206, 207, 208, 209, 211, 214, 215, 216, 217, 219, 220, 223, 224, 227, 228, 230, 231, 232, 234, 237, 238, 240, 241, 242, 243, 244, 245, 247], "excluded_lines": []}, "main": {"executed_lines": [], "summary": {"covered_lines": 0, "num_statements": 6, "percent_covered": 0.0, "percent_covered_display": "0", "missing_lines": 6, "excluded_lines": 0}, "missing_lines": [252, 256, 260, 266, 268, 269], "excluded_lines": []}, "": {"executed_lines": [], "summary": {"covered_lines": 0, "num_statements": 13, "percent_covered": 0.0, "percent_covered_display": "0", "missing_lines": 13, "excluded_lines": 0}, "missing_lines": [32, 33, 34, 35, 36, 39, 61, 97, 137, 190, 250, 272, 273], "excluded_lines": []}}, "classes": {"": {"executed_lines": [], "summary": {"covered_lines": 0, "num_statements": 118, "percent_covered": 0.0, "percent_covered_display": "0", "missing_lines": 118, "excluded_lines": 0}, "missing_lines": [32, 33, 34, 35, 36, 39, 45, 46, 53, 54, 55, 56, 57, 58, 61, 70, 72, 73, 74, 76, 77, 78, 79, 80, 84, 85, 87, 89, 91, 92, 94, 97, 103, 105, 112, 118, 119, 120, 121, 123, 125, 126, 127, 128, 129, 130, 131, 132, 133, 134, 137, 148, 149, 151, 152, 153, 154, 155, 157, 158, 159, 160, 162, 163, 164, 167, 168, 169, 172, 178, 179, 181, 182, 183, 186, 187, 190, 201, 202, 203, 205, 206, 207, 208, 209, 211, 214, 215, 216, 217, 219, 220, 223, 224, 227, 228, 230, 231, 232, 234, 237, 238, 240, 241, 242, 243, 244, 245, 247, 250, 252, 256, 260, 266, 268, 269, 272, 273], "excluded_lines": []}}}, "scripts/evaluate-pilot-quality.py": {"executed_lines": [], "summary": {"covered_lines": 0, "num_statements": 376, "percent_covered": 0.0, "percent_covered_display": "0", "missing_lines": 376, "excluded_lines": 0}, "missing_lines": [24, 25, 26, 27, 28, 29, 30, 32, 33, 34, 35, 36, 37, 40, 44, 57, 58, 59, 60, 62, 63, 65, 66, 68, 70, 71, 73, 75, 76, 77, 78, 79, 80, 82, 88, 89, 91, 96, 99, 100, 101, 104, 105, 107, 108, 109, 112, 113, 115, 116, 119, 121, 122, 124, 126, 132, 133, 134, 137, 138, 139, 141, 142, 145, 146, 147, 148, 150, 151, 154, 155, 156, 158, 159, 162, 163, 164, 165, 167, 168, 171, 172, 173, 174, 176, 177, 180, 181, 182, 183, 184, 186, 187, 189, 190, 192, 198, 199, 200, 203, 204, 207, 208, 209, 211, 212, 213, 215, 216, 219, 220, 222, 227, 229, 230, 231, 233, 234, 237, 238, 239, 240, 242, 243, 246, 247, 250, 251, 252, 253, 254, 255, 257, 258, 260, 261, 263, 269, 270, 271, 274, 275, 276, 277, 279, 280, 283, 284, 285, 287, 292, 294, 295, 296, 298, 299, 302, 303, 305, 306, 307, 309, 310, 313, 314, 315, 317, 318, 319, 321, 322, 323, 325, 326, 329, 330, 331, 332, 334, 335, 337, 338, 340, 341, 343, 349, 350, 352, 353, 355, 356, 357, 359, 360, 361, 363, 364, 366, 367, 368, 369, 370, 371, 373, 374, 376, 377, 378, 380, 386, 387, 389, 391, 392, 393, 395, 396, 403, 404, 405, 407, 408, 409, 411, 412, 413, 414, 415, 416, 418, 424, 425, 432, 433, 435, 437, 438, 439, 441, 442, 444, 446, 452, 453, 454, 457, 458, 459, 461, 462, 465, 466, 467, 468, 470, 471, 474, 475, 476, 478, 479, 481, 482, 484, 490, 491, 492, 494, 495, 496, 497, 500, 501, 503, 504, 505, 507, 508, 511, 512, 514, 515, 516, 518, 519, 522, 523, 525, 526, 527, 529, 530, 532, 533, 535, 541, 542, 543, 546, 547, 549, 550, 551, 553, 554, 557, 558, 559, 561, 562, 566, 567, 568, 569, 571, 572, 574, 575, 577, 579, 580, 582, 583, 585, 587, 595, 596, 598, 599, 605, 619, 620, 621, 622, 623, 633, 639, 641, 652, 654, 658, 664, 670, 675, 680, 686, 688, 689, 691, 692, 693, 696, 697, 698, 699, 700, 701, 702, 703, 704, 705, 707, 708, 709, 710, 712, 713, 714, 716, 719, 720, 721, 722, 724, 727, 728], "excluded_lines": [], "functions": {"QualityEvaluator.__init__": {"executed_lines": [], "summary": {"covered_lines": 0, "num_statements": 7, "percent_covered": 0.0, "percent_covered_display": "0", "missing_lines": 7, "excluded_lines": 0}, "missing_lines": [58, 59, 60, 62, 63, 65, 66], "excluded_lines": []}, "QualityEvaluator.log": {"executed_lines": [], "summary": {"covered_lines": 0, "num_statements": 2, "percent_covered": 0.0, "percent_covered_display": "0", "missing_lines": 2, "excluded_lines": 0}, "missing_lines": [70, 71], "excluded_lines": []}, "QualityEvaluator.load_artifact": {"executed_lines": [], "summary": {"covered_lines": 0, "num_statements": 6, "percent_covered": 0.0, "percent_covered_display": "0", "missing_lines": 6, "excluded_lines": 0}, "missing_lines": [75, 76, 77, 78, 79, 80], "excluded_lines": []}, "QualityEvaluator.evaluate_structure_match": {"executed_lines": [], "summary": {"covered_lines": 0, "num_statements": 20, "percent_covered": 0.0, "percent_covered_display": "0", "missing_lines": 20, "excluded_lines": 0}, "missing_lines": [88, 89, 91, 96, 99, 100, 101, 104, 105, 107, 108, 109, 112, 113, 115, 116, 119, 121, 122, 124], "excluded_lines": []}, "QualityEvaluator.evaluate_technical_accuracy": {"executed_lines": [], "summary": {"covered_lines": 0, "num_statements": 40, "percent_covered": 0.0, "percent_covered_display": "0", "missing_lines": 40, "excluded_lines": 0}, "missing_lines": [132, 133, 134, 137, 138, 139, 141, 142, 145, 146, 147, 148, 150, 151, 154, 155, 156, 158, 159, 162, 163, 164, 165, 167, 168, 171, 172, 173, 174, 176, 177, 180, 181, 182, 183, 184, 186, 187, 189, 190], "excluded_lines": []}, "QualityEvaluator.evaluate_coherence": {"executed_lines": [], "summary": {"covered_lines": 0, "num_statements": 40, "percent_covered": 0.0, "percent_covered_display": "0", "missing_lines": 40, "excluded_lines": 0}, "missing_lines": [198, 199, 200, 203, 204, 207, 208, 209, 211, 212, 213, 215, 216, 219, 220, 222, 227, 229, 230, 231, 233, 234, 237, 238, 239, 240, 242, 243, 246, 247, 250, 251, 252, 253, 254, 255, 257, 258, 260, 261], "excluded_lines": []}, "QualityEvaluator.evaluate_completeness": {"executed_lines": [], "summary": {"covered_lines": 0, "num_statements": 47, "percent_covered": 0.0, "percent_covered_display": "0", "missing_lines": 47, "excluded_lines": 0}, "missing_lines": [269, 270, 271, 274, 275, 276, 277, 279, 280, 283, 284, 285, 287, 292, 294, 295, 296, 298, 299, 302, 303, 305, 306, 307, 309, 310, 313, 314, 315, 317, 318, 319, 321, 322, 323, 325, 326, 329, 330, 331, 332, 334, 335, 337, 338, 340, 341], "excluded_lines": []}, "QualityEvaluator.evaluate_json_schema": {"executed_lines": [], "summary": {"covered_lines": 0, "num_statements": 23, "percent_covered": 0.0, "percent_covered_display": "0", "missing_lines": 23, "excluded_lines": 0}, "missing_lines": [349, 350, 352, 353, 355, 356, 357, 359, 360, 361, 363, 364, 366, 367, 368, 369, 370, 371, 373, 374, 376, 377, 378], "excluded_lines": []}, "QualityEvaluator.evaluate_inbox_status": {"executed_lines": [], "summary": {"covered_lines": 0, "num_statements": 20, "percent_covered": 0.0, "percent_covered_display": "0", "missing_lines": 20, "excluded_lines": 0}, "missing_lines": [386, 387, 389, 391, 392, 393, 395, 396, 403, 404, 405, 407, 408, 409, 411, 412, 413, 414, 415, 416], "excluded_lines": []}, "QualityEvaluator.evaluate_time_reduction": {"executed_lines": [], "summary": {"covered_lines": 0, "num_statements": 11, "percent_covered": 0.0, "percent_covered_display": "0", "missing_lines": 11, "excluded_lines": 0}, "missing_lines": [424, 425, 432, 433, 435, 437, 438, 439, 441, 442, 444], "excluded_lines": []}, "QualityEvaluator.evaluate_maintainability": {"executed_lines": [], "summary": {"covered_lines": 0, "num_statements": 21, "percent_covered": 0.0, "percent_covered_display": "0", "missing_lines": 21, "excluded_lines": 0}, "missing_lines": [452, 453, 454, 457, 458, 459, 461, 462, 465, 466, 467, 468, 470, 471, 474, 475, 476, 478, 479, 481, 482], "excluded_lines": []}, "QualityEvaluator.evaluate_flexibility": {"executed_lines": [], "summary": {"covered_lines": 0, "num_statements": 30, "percent_covered": 0.0, "percent_covered_display": "0", "missing_lines": 30, "excluded_lines": 0}, "missing_lines": [490, 491, 492, 494, 495, 496, 497, 500, 501, 503, 504, 505, 507, 508, 511, 512, 514, 515, 516, 518, 519, 522, 523, 525, 526, 527, 529, 530, 532, 533], "excluded_lines": []}, "QualityEvaluator.evaluate_scalability": {"executed_lines": [], "summary": {"covered_lines": 0, "num_statements": 23, "percent_covered": 0.0, "percent_covered_display": "0", "missing_lines": 23, "excluded_lines": 0}, "missing_lines": [541, 542, 543, 546, 547, 549, 550, 551, 553, 554, 557, 558, 559, 561, 562, 566, 567, 568, 569, 571, 572, 574, 575], "excluded_lines": []}, "QualityEvaluator._calculate_depth": {"executed_lines": [], "summary": {"covered_lines": 0, "num_statements": 5, "percent_covered": 0.0, "percent_covered_display": "0", "missing_lines": 5, "excluded_lines": 0}, "missing_lines": [579, 580, 582, 583, 585], "excluded_lines": []}, "QualityEvaluator.evaluate_all": {"executed_lines": [], "summary": {"covered_lines": 0, "num_statements": 13, "percent_covered": 0.0, "percent_covered_display": "0", "missing_lines": 13, "excluded_lines": 0}, "missing_lines": [595, 596, 598, 599, 605, 619, 620, 621, 622, 623, 633, 639, 641], "excluded_lines": []}, "main": {"executed_lines": [], "summary": {"covered_lines": 0, "num_statements": 35, "percent_covered": 0.0, "percent_covered_display": "0", "missing_lines": 35, "excluded_lines": 0}, "missing_lines": [654, 658, 664, 670, 675, 680, 686, 688, 689, 691, 692, 693, 696, 697, 698, 699, 700, 701, 702, 703, 704, 705, 707, 708, 709, 710, 712, 713, 714, 716, 719, 720, 721, 722, 724], "excluded_lines": []}, "": {"executed_lines": [], "summary": {"covered_lines": 0, "num_statements": 33, "percent_covered": 0.0, "percent_covered_display": "0", "missing_lines": 33, "excluded_lines": 0}, "missing_lines": [24, 25, 26, 27, 28, 29, 30, 32, 33, 34, 35, 36, 37, 40, 44, 57, 68, 73, 82, 126, 192, 263, 343, 380, 418, 446, 484, 535, 577, 587, 652, 727, 728], "excluded_lines": []}}, "classes": {"QualityEvaluator": {"executed_lines": [], "summary": {"covered_lines": 0, "num_statements": 308, "percent_covered": 0.0, "percent_covered_display": "0", "missing_lines": 308, "excluded_lines": 0}, "missing_lines": [58, 59, 60, 62, 63, 65, 66, 70, 71, 75, 76, 77, 78, 79, 80, 88, 89, 91, 96, 99, 100, 101, 104, 105, 107, 108, 109, 112, 113, 115, 116, 119, 121, 122, 124, 132, 133, 134, 137, 138, 139, 141, 142, 145, 146, 147, 148, 150, 151, 154, 155, 156, 158, 159, 162, 163, 164, 165, 167, 168, 171, 172, 173, 174, 176, 177, 180, 181, 182, 183, 184, 186, 187, 189, 190, 198, 199, 200, 203, 204, 207, 208, 209, 211, 212, 213, 215, 216, 219, 220, 222, 227, 229, 230, 231, 233, 234, 237, 238, 239, 240, 242, 243, 246, 247, 250, 251, 252, 253, 254, 255, 257, 258, 260, 261, 269, 270, 271, 274, 275, 276, 277, 279, 280, 283, 284, 285, 287, 292, 294, 295, 296, 298, 299, 302, 303, 305, 306, 307, 309, 310, 313, 314, 315, 317, 318, 319, 321, 322, 323, 325, 326, 329, 330, 331, 332, 334, 335, 337, 338, 340, 341, 349, 350, 352, 353, 355, 356, 357, 359, 360, 361, 363, 364, 366, 367, 368, 369, 370, 371, 373, 374, 376, 377, 378, 386, 387, 389, 391, 392, 393, 395, 396, 403, 404, 405, 407, 408, 409, 411, 412, 413, 414, 415, 416, 424, 425, 432, 433, 435, 437, 438, 439, 441, 442, 444, 452, 453, 454, 457, 458, 459, 461, 462, 465, 466, 467, 468, 470, 471, 474, 475, 476, 478, 479, 481, 482, 490, 491, 492, 494, 495, 496, 497, 500, 501, 503, 504, 505, 507, 508, 511, 512, 514, 515, 516, 518, 519, 522, 523, 525, 526, 527, 529, 530, 532, 533, 541, 542, 543, 546, 547, 549, 550, 551, 553, 554, 557, 558, 559, 561, 562, 566, 567, 568, 569, 571, 572, 574, 575, 579, 580, 582, 583, 585, 595, 596, 598, 599, 605, 619, 620, 621, 622, 623, 633, 639, 641], "excluded_lines": []}, "": {"executed_lines": [], "summary": {"covered_lines": 0, "num_statements": 68, "percent_covered": 0.0, "percent_covered_display": "0", "missing_lines": 68, "excluded_lines": 0}, "missing_lines": [24, 25, 26, 27, 28, 29, 30, 32, 33, 34, 35, 36, 37, 40, 44, 57, 68, 73, 82, 126, 192, 263, 343, 380, 418, 446, 484, 535, 577, 587, 652, 654, 658, 664, 670, 675, 680, 686, 688, 689, 691, 692, 693, 696, 697, 698, 699, 700, 701, 702, 703, 704, 705, 707, 708, 709, 710, 712, 713, 714, 716, 719, 720, 721, 722, 724, 727, 728], "excluded_lines": []}}}, "scripts/generate-coordination-request.py": {"executed_lines": [], "summary": {"covered_lines": 0, "num_statements": 118, "percent_covered": 0.0, "percent_covered_display": "0", "missing_lines": 118, "excluded_lines": 0}, "missing_lines": [23, 24, 25, 26, 27, 30, 32, 33, 36, 46, 49, 50, 51, 52, 53, 54, 57, 58, 59, 60, 61, 62, 65, 66, 67, 68, 69, 70, 71, 72, 74, 77, 78, 85, 86, 91, 98, 99, 100, 101, 102, 103, 104, 105, 106, 107, 110, 115, 123, 128, 135, 142, 148, 154, 157, 159, 160, 161, 162, 163, 165, 168, 171, 172, 173, 174, 176, 177, 180, 186, 191, 193, 194, 195, 196, 197, 198, 200, 207, 208, 209, 211, 212, 218, 219, 220, 222, 223, 224, 226, 228, 230, 231, 232, 233, 234, 235, 238, 245, 247, 250, 251, 252, 255, 256, 257, 260, 261, 262, 264, 265, 266, 268, 269, 271, 273, 276, 277], "excluded_lines": [], "functions": {"load_context_from_args": {"executed_lines": [], "summary": {"covered_lines": 0, "num_statements": 22, "percent_covered": 0.0, "percent_covered_display": "0", "missing_lines": 22, "excluded_lines": 0}, "missing_lines": [46, 49, 50, 51, 52, 53, 54, 57, 58, 59, 60, 61, 62, 65, 66, 67, 68, 69, 70, 71, 72, 74], "excluded_lines": []}, "main": {"executed_lines": [], "summary": {"covered_lines": 0, "num_statements": 65, "percent_covered": 0.0, "percent_covered_display": "0", "missing_lines": 65, "excluded_lines": 0}, "missing_lines": [78, 85, 86, 91, 98, 99, 100, 101, 102, 103, 104, 105, 106, 107, 110, 115, 123, 128, 135, 142, 148, 154, 157, 159, 160, 161, 162, 163, 165, 168, 171, 172, 173, 174, 176, 177, 180, 186, 191, 193, 194, 195, 196, 197, 198, 200, 207, 208, 209, 211, 212, 218, 219, 220, 222, 223, 224, 226, 228, 230, 231, 232, 233, 234, 235], "excluded_lines": []}, "interactive_context_builder": {"executed_lines": [], "summary": {"covered_lines": 0, "num_statements": 18, "percent_covered": 0.0, "percent_covered_display": "0", "missing_lines": 18, "excluded_lines": 0}, "missing_lines": [245, 247, 250, 251, 252, 255, 256, 257, 260, 261, 262, 264, 265, 266, 268, 269, 271, 273], "excluded_lines": []}, "": {"executed_lines": [], "summary": {"covered_lines": 0, "num_statements": 13, "percent_covered": 0.0, "percent_covered_display": "0", "missing_lines": 13, "excluded_lines": 0}, "missing_lines": [23, 24, 25, 26, 27, 30, 32, 33, 36, 77, 238, 276, 277], "excluded_lines": []}}, "classes": {"": {"executed_lines": [], "summary": {"covered_lines": 0, "num_statements": 118, "percent_covered": 0.0, "percent_covered_display": "0", "missing_lines": 118, "excluded_lines": 0}, "missing_lines": [23, 24, 25, 26, 27, 30, 32, 33, 36, 46, 49, 50, 51, 52, 53, 54, 57, 58, 59, 60, 61, 62, 65, 66, 67, 68, 69, 70, 71, 72, 74, 77, 78, 85, 86, 91, 98, 99, 100, 101, 102, 103, 104, 105, 106, 107, 110, 115, 123, 128, 135, 142, 148, 154, 157, 159, 160, 161, 162, 163, 165, 168, 171, 172, 173, 174, 176, 177, 180, 186, 191, 193, 194, 195, 196, 197, 198, 200, 207, 208, 209, 211, 212, 218, 219, 220, 222, 223, 224, 226, 228, 230, 231, 232, 233, 234, 235, 238, 245, 247, 250, 251, 252, 255, 256, 257, 260, 261, 262, 264, 265, 266, 268, 269, 271, 273, 276, 277], "excluded_lines": []}}}, "scripts/inbox-query.py": {"executed_lines": [], "summary": {"covered_lines": 0, "num_statements": 236, "percent_covered": 0.0, "percent_covered_display": "0", "missing_lines": 236, "excluded_lines": 0}, "missing_lines": [28, 29, 30, 31, 32, 33, 34, 37, 40, 43, 51, 52, 54, 56, 57, 59, 76, 77, 78, 79, 81, 82, 83, 84, 85, 88, 89, 104, 106, 107, 108, 111, 112, 114, 116, 117, 119, 121, 128, 129, 130, 132, 133, 134, 135, 136, 138, 139, 150, 152, 153, 155, 157, 168, 176, 177, 178, 180, 181, 182, 183, 184, 186, 187, 190, 206, 207, 208, 210, 212, 219, 229, 230, 231, 232, 233, 236, 237, 238, 241, 242, 243, 246, 247, 248, 250, 252, 255, 256, 257, 260, 261, 262, 263, 264, 265, 266, 268, 269, 270, 272, 274, 276, 277, 278, 280, 281, 282, 283, 284, 285, 287, 288, 289, 290, 291, 292, 293, 294, 295, 296, 297, 298, 299, 300, 301, 303, 304, 306, 308, 320, 321, 322, 324, 325, 328, 329, 332, 333, 334, 335, 336, 337, 338, 339, 340, 341, 343, 346, 357, 358, 360, 361, 362, 364, 365, 366, 367, 368, 369, 370, 372, 375, 376, 379, 380, 381, 382, 384, 385, 386, 388, 391, 392, 399, 400, 405, 410, 414, 421, 427, 432, 436, 442, 448, 454, 460, 463, 466, 467, 469, 470, 471, 473, 474, 475, 476, 477, 478, 479, 481, 483, 484, 485, 486, 488, 489, 490, 491, 492, 493, 494, 495, 496, 497, 498, 499, 501, 502, 504, 506, 507, 508, 509, 513, 518, 519, 520, 522, 523, 524, 525, 526, 527, 530, 531], "excluded_lines": [], "functions": {"InboxQuery.__init__": {"executed_lines": [], "summary": {"covered_lines": 0, "num_statements": 2, "percent_covered": 0.0, "percent_covered_display": "0", "missing_lines": 2, "excluded_lines": 0}, "missing_lines": [51, 52], "excluded_lines": []}, "InboxQuery.log": {"executed_lines": [], "summary": {"covered_lines": 0, "num_statements": 2, "percent_covered": 0.0, "percent_covered_display": "0", "missing_lines": 2, "excluded_lines": 0}, "missing_lines": [56, 57], "excluded_lines": []}, "InboxQuery.get_incoming": {"executed_lines": [], "summary": {"covered_lines": 0, "num_statements": 21, "percent_covered": 0.0, "percent_covered_display": "0", "missing_lines": 21, "excluded_lines": 0}, "missing_lines": [76, 77, 78, 79, 81, 82, 83, 84, 85, 88, 89, 104, 106, 107, 108, 111, 112, 114, 116, 117, 119], "excluded_lines": []}, "InboxQuery.get_active": {"executed_lines": [], "summary": {"covered_lines": 0, "num_statements": 14, "percent_covered": 0.0, "percent_covered_display": "0", "missing_lines": 14, "excluded_lines": 0}, "missing_lines": [128, 129, 130, 132, 133, 134, 135, 136, 138, 139, 150, 152, 153, 155], "excluded_lines": []}, "InboxQuery.get_item": {"executed_lines": [], "summary": {"covered_lines": 0, "num_statements": 16, "percent_covered": 0.0, "percent_covered_display": "0", "missing_lines": 16, "excluded_lines": 0}, "missing_lines": [168, 176, 177, 178, 180, 181, 182, 183, 184, 186, 187, 190, 206, 207, 208, 210], "excluded_lines": []}, "InboxQuery.count_by_status": {"executed_lines": [], "summary": {"covered_lines": 0, "num_statements": 16, "percent_covered": 0.0, "percent_covered_display": "0", "missing_lines": 16, "excluded_lines": 0}, "missing_lines": [219, 229, 230, 231, 232, 233, 236, 237, 238, 241, 242, 243, 246, 247, 248, 250], "excluded_lines": []}, "InboxQuery._is_acknowledged": {"executed_lines": [], "summary": {"covered_lines": 0, "num_statements": 14, "percent_covered": 0.0, "percent_covered_display": "0", "missing_lines": 14, "excluded_lines": 0}, "missing_lines": [255, 256, 257, 260, 261, 262, 263, 264, 265, 266, 268, 269, 270, 272], "excluded_lines": []}, "InboxQuery._get_status_from_events": {"executed_lines": [], "summary": {"covered_lines": 0, "num_statements": 27, "percent_covered": 0.0, "percent_covered_display": "0", "missing_lines": 27, "excluded_lines": 0}, "missing_lines": [276, 277, 278, 280, 281, 282, 283, 284, 285, 287, 288, 289, 290, 291, 292, 293, 294, 295, 296, 297, 298, 299, 300, 301, 303, 304, 306], "excluded_lines": []}, "InboxQuery._matches_age_filter": {"executed_lines": [], "summary": {"covered_lines": 0, "num_statements": 18, "percent_covered": 0.0, "percent_covered_display": "0", "missing_lines": 18, "excluded_lines": 0}, "missing_lines": [320, 321, 322, 324, 325, 328, 329, 332, 333, 334, 335, 336, 337, 338, 339, 340, 341, 343], "excluded_lines": []}, "format_output": {"executed_lines": [], "summary": {"covered_lines": 0, "num_statements": 23, "percent_covered": 0.0, "percent_covered_display": "0", "missing_lines": 23, "excluded_lines": 0}, "missing_lines": [357, 358, 360, 361, 362, 364, 365, 366, 367, 368, 369, 370, 372, 375, 376, 379, 380, 381, 382, 384, 385, 386, 388], "excluded_lines": []}, "main": {"executed_lines": [], "summary": {"covered_lines": 0, "num_statements": 61, "percent_covered": 0.0, "percent_covered_display": "0", "missing_lines": 61, "excluded_lines": 0}, "missing_lines": [392, 399, 400, 405, 410, 414, 421, 427, 432, 436, 442, 448, 454, 460, 463, 466, 467, 469, 470, 471, 473, 474, 475, 476, 477, 478, 479, 481, 483, 484, 485, 486, 488, 489, 490, 491, 492, 493, 494, 495, 496, 497, 498, 499, 501, 502, 504, 506, 507, 508, 509, 513, 518, 519, 520, 522, 523, 524, 525, 526, 527], "excluded_lines": []}, "": {"executed_lines": [], "summary": {"covered_lines": 0, "num_statements": 22, "percent_covered": 0.0, "percent_covered_display": "0", "missing_lines": 22, "excluded_lines": 0}, "missing_lines": [28, 29, 30, 31, 32, 33, 34, 37, 40, 43, 54, 59, 121, 157, 212, 252, 274, 308, 346, 391, 530, 531], "excluded_lines": []}}, "classes": {"InboxQuery": {"executed_lines": [], "summary": {"covered_lines": 0, "num_statements": 130, "percent_covered": 0.0, "percent_covered_display": "0", "missing_lines": 130, "excluded_lines": 0}, "missing_lines": [51, 52, 56, 57, 76, 77, 78, 79, 81, 82, 83, 84, 85, 88, 89, 104, 106, 107, 108, 111, 112, 114, 116, 117, 119, 128, 129, 130, 132, 133, 134, 135, 136, 138, 139, 150, 152, 153, 155, 168, 176, 177, 178, 180, 181, 182, 183, 184, 186, 187, 190, 206, 207, 208, 210, 219, 229, 230, 231, 232, 233, 236, 237, 238, 241, 242, 243, 246, 247, 248, 250, 255, 256, 257, 260, 261, 262, 263, 264, 265, 266, 268, 269, 270, 272, 276, 277, 278, 280, 281, 282, 283, 284, 285, 287, 288, 289, 290, 291, 292, 293, 294, 295, 296, 297, 298, 299, 300, 301, 303, 304, 306, 320, 321, 322, 324, 325, 328, 329, 332, 333, 334, 335, 336, 337, 338, 339, 340, 341, 343], "excluded_lines": []}, "": {"executed_lines": [], "summary": {"covered_lines": 0, "num_statements": 106, "percent_covered": 0.0, "percent_covered_display": "0", "missing_lines": 106, "excluded_lines": 0}, "missing_lines": [28, 29, 30, 31, 32, 33, 34, 37, 40, 43, 54, 59, 121, 157, 212, 252, 274, 308, 346, 357, 358, 360, 361, 362, 364, 365, 366, 367, 368, 369, 370, 372, 375, 376, 379, 380, 381, 382, 384, 385, 386, 388, 391, 392, 399, 400, 405, 410, 414, 421, 427, 432, 436, 442, 448, 454, 460, 463, 466, 467, 469, 470, 471, 473, 474, 475, 476, 477, 478, 479, 481, 483, 484, 485, 486, 488, 489, 490, 491, 492, 493, 494, 495, 496, 497, 498, 499, 501, 502, 504, 506, 507, 508, 509, 513, 518, 519, 520, 522, 523, 524, 525, 526, 527, 530, 531], "excluded_lines": []}}}, "scripts/inbox-status.py": {"executed_lines": [], "summary": {"covered_lines": 0, "num_statements": 258, "percent_covered": 0.0, "percent_covered_display": "0", "missing_lines": 258, "excluded_lines": 0}, "missing_lines": [21, 22, 23, 24, 25, 26, 29, 30, 31, 32, 33, 34, 35, 36, 37, 39, 41, 42, 43, 44, 45, 47, 49, 50, 56, 58, 59, 60, 61, 62, 64, 66, 67, 68, 70, 71, 72, 73, 74, 75, 76, 77, 78, 79, 80, 81, 82, 85, 86, 87, 90, 93, 94, 96, 98, 100, 102, 103, 104, 105, 106, 108, 110, 111, 112, 118, 120, 122, 128, 130, 131, 132, 134, 135, 137, 139, 140, 141, 143, 144, 146, 147, 149, 150, 151, 156, 157, 159, 161, 162, 163, 165, 166, 167, 168, 170, 171, 173, 184, 185, 187, 189, 191, 192, 193, 195, 196, 197, 199, 200, 201, 202, 203, 205, 206, 207, 208, 215, 222, 229, 235, 237, 240, 241, 242, 243, 244, 245, 248, 249, 250, 251, 252, 253, 254, 255, 256, 257, 260, 261, 262, 263, 264, 265, 266, 267, 270, 271, 272, 273, 274, 275, 276, 277, 278, 279, 281, 283, 284, 285, 286, 289, 290, 291, 292, 293, 294, 297, 298, 299, 300, 301, 302, 303, 304, 305, 306, 307, 308, 310, 312, 314, 316, 318, 320, 321, 322, 323, 326, 327, 328, 329, 330, 331, 334, 335, 336, 337, 338, 339, 340, 341, 342, 345, 346, 347, 348, 349, 350, 351, 352, 355, 356, 357, 358, 359, 360, 361, 362, 363, 366, 367, 368, 369, 370, 371, 373, 379, 380, 381, 382, 384, 385, 386, 388, 391, 392, 393, 394, 395, 396, 397, 400, 401, 402, 403, 404, 405, 408, 409, 412, 434, 435, 436, 437, 439, 441, 442], "excluded_lines": [], "functions": {"find_repo_root": {"executed_lines": [], "summary": {"covered_lines": 0, "num_statements": 6, "percent_covered": 0.0, "percent_covered_display": "0", "missing_lines": 6, "excluded_lines": 0}, "missing_lines": [41, 42, 43, 44, 45, 47], "excluded_lines": []}, "load_json_file": {"executed_lines": [], "summary": {"covered_lines": 0, "num_statements": 5, "percent_covered": 0.0, "percent_covered_display": "0", "missing_lines": 5, "excluded_lines": 0}, "missing_lines": [58, 59, 60, 61, 62], "excluded_lines": []}, "load_events": {"executed_lines": [], "summary": {"covered_lines": 0, "num_statements": 23, "percent_covered": 0.0, "percent_covered_display": "0", "missing_lines": 23, "excluded_lines": 0}, "missing_lines": [66, 67, 68, 70, 71, 72, 73, 74, 75, 76, 77, 78, 79, 80, 81, 82, 85, 86, 87, 90, 93, 94, 96], "excluded_lines": []}, "parse_timestamp": {"executed_lines": [], "summary": {"covered_lines": 0, "num_statements": 6, "percent_covered": 0.0, "percent_covered_display": "0", "missing_lines": 6, "excluded_lines": 0}, "missing_lines": [100, 102, 103, 104, 105, 106], "excluded_lines": []}, "scan_directory": {"executed_lines": [], "summary": {"covered_lines": 0, "num_statements": 3, "percent_covered": 0.0, "percent_covered_display": "0", "missing_lines": 3, "excluded_lines": 0}, "missing_lines": [110, 111, 112], "excluded_lines": []}, "count_incoming": {"executed_lines": [], "summary": {"covered_lines": 0, "num_statements": 2, "percent_covered": 0.0, "percent_covered_display": "0", "missing_lines": 2, "excluded_lines": 0}, "missing_lines": [120, 122], "excluded_lines": []}, "count_active": {"executed_lines": [], "summary": {"covered_lines": 0, "num_statements": 5, "percent_covered": 0.0, "percent_covered_display": "0", "missing_lines": 5, "excluded_lines": 0}, "missing_lines": [130, 131, 132, 134, 135], "excluded_lines": []}, "count_completed": {"executed_lines": [], "summary": {"covered_lines": 0, "num_statements": 12, "percent_covered": 0.0, "percent_covered_display": "0", "missing_lines": 12, "excluded_lines": 0}, "missing_lines": [139, 140, 141, 143, 144, 146, 147, 149, 150, 151, 156, 157], "excluded_lines": []}, "get_incoming_details": {"executed_lines": [], "summary": {"covered_lines": 0, "num_statements": 13, "percent_covered": 0.0, "percent_covered_display": "0", "missing_lines": 13, "excluded_lines": 0}, "missing_lines": [161, 162, 163, 165, 166, 167, 168, 170, 171, 173, 184, 185, 187], "excluded_lines": []}, "get_active_details": {"executed_lines": [], "summary": {"covered_lines": 0, "num_statements": 18, "percent_covered": 0.0, "percent_covered_display": "0", "missing_lines": 18, "excluded_lines": 0}, "missing_lines": [191, 192, 193, 195, 196, 197, 199, 200, 201, 202, 203, 205, 206, 207, 208, 215, 222, 229], "excluded_lines": []}, "format_terminal": {"executed_lines": [], "summary": {"covered_lines": 0, "num_statements": 59, "percent_covered": 0.0, "percent_covered_display": "0", "missing_lines": 59, "excluded_lines": 0}, "missing_lines": [237, 240, 241, 242, 243, 244, 245, 248, 249, 250, 251, 252, 253, 254, 255, 256, 257, 260, 261, 262, 263, 264, 265, 266, 267, 270, 271, 272, 273, 274, 275, 276, 277, 278, 279, 281, 283, 284, 285, 286, 289, 290, 291, 292, 293, 294, 297, 298, 299, 300, 301, 302, 303, 304, 305, 306, 307, 308, 310], "excluded_lines": []}, "format_json": {"executed_lines": [], "summary": {"covered_lines": 0, "num_statements": 1, "percent_covered": 0.0, "percent_covered_display": "0", "missing_lines": 1, "excluded_lines": 0}, "missing_lines": [314], "excluded_lines": []}, "format_markdown": {"executed_lines": [], "summary": {"covered_lines": 0, "num_statements": 44, "percent_covered": 0.0, "percent_covered_display": "0", "missing_lines": 44, "excluded_lines": 0}, "missing_lines": [318, 320, 321, 322, 323, 326, 327, 328, 329, 330, 331, 334, 335, 336, 337, 338, 339, 340, 341, 342, 345, 346, 347, 348, 349, 350, 351, 352, 355, 356, 357, 358, 359, 360, 361, 362, 363, 366, 367, 368, 369, 370, 371, 373], "excluded_lines": []}, "main": {"executed_lines": [], "summary": {"covered_lines": 0, "num_statements": 28, "percent_covered": 0.0, "percent_covered_display": "0", "missing_lines": 28, "excluded_lines": 0}, "missing_lines": [380, 381, 382, 384, 385, 386, 388, 391, 392, 393, 394, 395, 396, 397, 400, 401, 402, 403, 404, 405, 408, 409, 412, 434, 435, 436, 437, 439], "excluded_lines": []}, "": {"executed_lines": [], "summary": {"covered_lines": 0, "num_statements": 33, "percent_covered": 0.0, "percent_covered_display": "0", "missing_lines": 33, "excluded_lines": 0}, "missing_lines": [21, 22, 23, 24, 25, 26, 29, 30, 31, 32, 33, 34, 35, 36, 37, 39, 49, 50, 56, 64, 98, 108, 118, 128, 137, 159, 189, 235, 312, 316, 379, 441, 442], "excluded_lines": []}}, "classes": {"Colors": {"executed_lines": [], "summary": {"covered_lines": 0, "num_statements": 0, "percent_covered": 100.0, "percent_covered_display": "100", "missing_lines": 0, "excluded_lines": 0}, "missing_lines": [], "excluded_lines": []}, "": {"executed_lines": [], "summary": {"covered_lines": 0, "num_statements": 258, "percent_covered": 0.0, "percent_covered_display": "0", "missing_lines": 258, "excluded_lines": 0}, "missing_lines": [21, 22, 23, 24, 25, 26, 29, 30, 31, 32, 33, 34, 35, 36, 37, 39, 41, 42, 43, 44, 45, 47, 49, 50, 56, 58, 59, 60, 61, 62, 64, 66, 67, 68, 70, 71, 72, 73, 74, 75, 76, 77, 78, 79, 80, 81, 82, 85, 86, 87, 90, 93, 94, 96, 98, 100, 102, 103, 104, 105, 106, 108, 110, 111, 112, 118, 120, 122, 128, 130, 131, 132, 134, 135, 137, 139, 140, 141, 143, 144, 146, 147, 149, 150, 151, 156, 157, 159, 161, 162, 163, 165, 166, 167, 168, 170, 171, 173, 184, 185, 187, 189, 191, 192, 193, 195, 196, 197, 199, 200, 201, 202, 203, 205, 206, 207, 208, 215, 222, 229, 235, 237, 240, 241, 242, 243, 244, 245, 248, 249, 250, 251, 252, 253, 254, 255, 256, 257, 260, 261, 262, 263, 264, 265, 266, 267, 270, 271, 272, 273, 274, 275, 276, 277, 278, 279, 281, 283, 284, 285, 286, 289, 290, 291, 292, 293, 294, 297, 298, 299, 300, 301, 302, 303, 304, 305, 306, 307, 308, 310, 312, 314, 316, 318, 320, 321, 322, 323, 326, 327, 328, 329, 330, 331, 334, 335, 336, 337, 338, 339, 340, 341, 342, 345, 346, 347, 348, 349, 350, 351, 352, 355, 356, 357, 358, 359, 360, 361, 362, 363, 366, 367, 368, 369, 370, 371, 373, 379, 380, 381, 382, 384, 385, 386, 388, 391, 392, 393, 394, 395, 396, 397, 400, 401, 402, 403, 404, 405, 408, 409, 412, 434, 435, 436, 437, 439, 441, 442], "excluded_lines": []}}}, "scripts/inbox_generator/__init__.py": {"executed_lines": [], "summary": {"covered_lines": 0, "num_statements": 0, "percent_covered": 100.0, "percent_covered_display": "100", "missing_lines": 0, "excluded_lines": 0}, "missing_lines": [], "excluded_lines": [], "functions": {"": {"executed_lines": [], "summary": {"covered_lines": 0, "num_statements": 0, "percent_covered": 100.0, "percent_covered_display": "100", "missing_lines": 0, "excluded_lines": 0}, "missing_lines": [], "excluded_lines": []}}, "classes": {"": {"executed_lines": [], "summary": {"covered_lines": 0, "num_statements": 0, "percent_covered": 100.0, "percent_covered_display": "100", "missing_lines": 0, "excluded_lines": 0}, "missing_lines": [], "excluded_lines": []}}}, "scripts/inbox_generator/core/__init__.py": {"executed_lines": [], "summary": {"covered_lines": 0, "num_statements": 0, "percent_covered": 100.0, "percent_covered_display": "100", "missing_lines": 0, "excluded_lines": 0}, "missing_lines": [], "excluded_lines": [], "functions": {"": {"executed_lines": [], "summary": {"covered_lines": 0, "num_statements": 0, "percent_covered": 100.0, "percent_covered_display": "100", "missing_lines": 0, "excluded_lines": 0}, "missing_lines": [], "excluded_lines": []}}, "classes": {"": {"executed_lines": [], "summary": {"covered_lines": 0, "num_statements": 0, "percent_covered": 100.0, "percent_covered_display": "100", "missing_lines": 0, "excluded_lines": 0}, "missing_lines": [], "excluded_lines": []}}}, "scripts/inbox_generator/core/assembler.py": {"executed_lines": [], "summary": {"covered_lines": 0, "num_statements": 72, "percent_covered": 0.0, "percent_covered_display": "0", "missing_lines": 72, "excluded_lines": 0}, "missing_lines": [7, 8, 9, 10, 11, 14, 26, 40, 41, 42, 43, 45, 69, 72, 75, 78, 79, 81, 83, 85, 92, 94, 95, 97, 104, 108, 109, 110, 112, 115, 118, 120, 121, 122, 126, 129, 130, 131, 133, 134, 136, 138, 140, 152, 153, 154, 156, 157, 159, 161, 172, 173, 174, 175, 178, 179, 180, 181, 183, 185, 193, 195, 198, 199, 202, 203, 204, 205, 208, 210, 221, 222], "excluded_lines": [], "functions": {"ArtifactAssembler.__init__": {"executed_lines": [], "summary": {"covered_lines": 0, "num_statements": 4, "percent_covered": 0.0, "percent_covered_display": "0", "missing_lines": 4, "excluded_lines": 0}, "missing_lines": [40, 41, 42, 43], "excluded_lines": []}, "ArtifactAssembler.assemble": {"executed_lines": [], "summary": {"covered_lines": 0, "num_statements": 30, "percent_covered": 0.0, "percent_covered_display": "0", "missing_lines": 30, "excluded_lines": 0}, "missing_lines": [69, 72, 75, 78, 79, 81, 83, 85, 92, 94, 95, 97, 104, 108, 109, 110, 112, 115, 118, 120, 121, 122, 126, 129, 130, 131, 133, 134, 136, 138], "excluded_lines": []}, "ArtifactAssembler._get_generator": {"executed_lines": [], "summary": {"covered_lines": 0, "num_statements": 6, "percent_covered": 0.0, "percent_covered_display": "0", "missing_lines": 6, "excluded_lines": 0}, "missing_lines": [152, 153, 154, 156, 157, 159], "excluded_lines": []}, "ArtifactAssembler._extract_field_name": {"executed_lines": [], "summary": {"covered_lines": 0, "num_statements": 9, "percent_covered": 0.0, "percent_covered_display": "0", "missing_lines": 9, "excluded_lines": 0}, "missing_lines": [172, 173, 174, 175, 178, 179, 180, 181, 183], "excluded_lines": []}, "ArtifactAssembler._set_nested_field": {"executed_lines": [], "summary": {"covered_lines": 0, "num_statements": 9, "percent_covered": 0.0, "percent_covered_display": "0", "missing_lines": 9, "excluded_lines": 0}, "missing_lines": [193, 195, 198, 199, 202, 203, 204, 205, 208], "excluded_lines": []}, "ArtifactAssembler.preview": {"executed_lines": [], "summary": {"covered_lines": 0, "num_statements": 2, "percent_covered": 0.0, "percent_covered_display": "0", "missing_lines": 2, "excluded_lines": 0}, "missing_lines": [221, 222], "excluded_lines": []}, "": {"executed_lines": [], "summary": {"covered_lines": 0, "num_statements": 12, "percent_covered": 0.0, "percent_covered_display": "0", "missing_lines": 12, "excluded_lines": 0}, "missing_lines": [7, 8, 9, 10, 11, 14, 26, 45, 140, 161, 185, 210], "excluded_lines": []}}, "classes": {"ArtifactAssembler": {"executed_lines": [], "summary": {"covered_lines": 0, "num_statements": 60, "percent_covered": 0.0, "percent_covered_display": "0", "missing_lines": 60, "excluded_lines": 0}, "missing_lines": [40, 41, 42, 43, 69, 72, 75, 78, 79, 81, 83, 85, 92, 94, 95, 97, 104, 108, 109, 110, 112, 115, 118, 120, 121, 122, 126, 129, 130, 131, 133, 134, 136, 138, 152, 153, 154, 156, 157, 159, 172, 173, 174, 175, 178, 179, 180, 181, 183, 193, 195, 198, 199, 202, 203, 204, 205, 208, 221, 222], "excluded_lines": []}, "": {"executed_lines": [], "summary": {"covered_lines": 0, "num_statements": 12, "percent_covered": 0.0, "percent_covered_display": "0", "missing_lines": 12, "excluded_lines": 0}, "missing_lines": [7, 8, 9, 10, 11, 14, 26, 45, 140, 161, 185, 210], "excluded_lines": []}}}, "scripts/inbox_generator/core/config_loader.py": {"executed_lines": [], "summary": {"covered_lines": 0, "num_statements": 100, "percent_covered": 0.0, "percent_covered_display": "0", "missing_lines": 100, "excluded_lines": 0}, "missing_lines": [7, 8, 9, 10, 13, 14, 16, 17, 18, 19, 20, 21, 24, 25, 27, 28, 29, 30, 31, 32, 35, 36, 38, 39, 40, 41, 44, 45, 47, 48, 49, 50, 51, 52, 53, 54, 57, 67, 75, 76, 77, 78, 80, 95, 96, 99, 100, 101, 104, 105, 108, 109, 111, 112, 115, 116, 117, 125, 128, 138, 139, 141, 156, 157, 160, 161, 162, 165, 166, 169, 170, 172, 173, 176, 177, 178, 184, 187, 190, 202, 203, 205, 215, 216, 218, 220, 222, 223, 224, 225, 226, 227, 229, 231, 233, 243, 244, 245, 246, 247], "excluded_lines": [], "functions": {"ConfigLoader.__init__": {"executed_lines": [], "summary": {"covered_lines": 0, "num_statements": 4, "percent_covered": 0.0, "percent_covered_display": "0", "missing_lines": 4, "excluded_lines": 0}, "missing_lines": [75, 76, 77, 78], "excluded_lines": []}, "ConfigLoader.load_content_config": {"executed_lines": [], "summary": {"covered_lines": 0, "num_statements": 18, "percent_covered": 0.0, "percent_covered_display": "0", "missing_lines": 18, "excluded_lines": 0}, "missing_lines": [95, 96, 99, 100, 101, 104, 105, 108, 109, 111, 112, 115, 116, 117, 125, 128, 138, 139], "excluded_lines": []}, "ConfigLoader.load_artifact_config": {"executed_lines": [], "summary": {"covered_lines": 0, "num_statements": 19, "percent_covered": 0.0, "percent_covered_display": "0", "missing_lines": 19, "excluded_lines": 0}, "missing_lines": [156, 157, 160, 161, 162, 165, 166, 169, 170, 172, 173, 176, 177, 178, 184, 187, 190, 202, 203], "excluded_lines": []}, "ConfigLoader.load_all_content_for_artifact": {"executed_lines": [], "summary": {"covered_lines": 0, "num_statements": 12, "percent_covered": 0.0, "percent_covered_display": "0", "missing_lines": 12, "excluded_lines": 0}, "missing_lines": [215, 216, 218, 220, 222, 223, 224, 225, 226, 227, 229, 231], "excluded_lines": []}, "ConfigLoader.validate_config_tree": {"executed_lines": [], "summary": {"covered_lines": 0, "num_statements": 5, "percent_covered": 0.0, "percent_covered_display": "0", "missing_lines": 5, "excluded_lines": 0}, "missing_lines": [243, 244, 245, 246, 247], "excluded_lines": []}, "": {"executed_lines": [], "summary": {"covered_lines": 0, "num_statements": 42, "percent_covered": 0.0, "percent_covered_display": "0", "missing_lines": 42, "excluded_lines": 0}, "missing_lines": [7, 8, 9, 10, 13, 14, 16, 17, 18, 19, 20, 21, 24, 25, 27, 28, 29, 30, 31, 32, 35, 36, 38, 39, 40, 41, 44, 45, 47, 48, 49, 50, 51, 52, 53, 54, 57, 67, 80, 141, 205, 233], "excluded_lines": []}}, "classes": {"ContentElement": {"executed_lines": [], "summary": {"covered_lines": 0, "num_statements": 0, "percent_covered": 100.0, "percent_covered_display": "100", "missing_lines": 0, "excluded_lines": 0}, "missing_lines": [], "excluded_lines": []}, "ContentConfig": {"executed_lines": [], "summary": {"covered_lines": 0, "num_statements": 0, "percent_covered": 100.0, "percent_covered_display": "100", "missing_lines": 0, "excluded_lines": 0}, "missing_lines": [], "excluded_lines": []}, "ArtifactChild": {"executed_lines": [], "summary": {"covered_lines": 0, "num_statements": 0, "percent_covered": 100.0, "percent_covered_display": "100", "missing_lines": 0, "excluded_lines": 0}, "missing_lines": [], "excluded_lines": []}, "ArtifactConfig": {"executed_lines": [], "summary": {"covered_lines": 0, "num_statements": 0, "percent_covered": 100.0, "percent_covered_display": "100", "missing_lines": 0, "excluded_lines": 0}, "missing_lines": [], "excluded_lines": []}, "ConfigLoader": {"executed_lines": [], "summary": {"covered_lines": 0, "num_statements": 58, "percent_covered": 0.0, "percent_covered_display": "0", "missing_lines": 58, "excluded_lines": 0}, "missing_lines": [75, 76, 77, 78, 95, 96, 99, 100, 101, 104, 105, 108, 109, 111, 112, 115, 116, 117, 125, 128, 138, 139, 156, 157, 160, 161, 162, 165, 166, 169, 170, 172, 173, 176, 177, 178, 184, 187, 190, 202, 203, 215, 216, 218, 220, 222, 223, 224, 225, 226, 227, 229, 231, 243, 244, 245, 246, 247], "excluded_lines": []}, "": {"executed_lines": [], "summary": {"covered_lines": 0, "num_statements": 42, "percent_covered": 0.0, "percent_covered_display": "0", "missing_lines": 42, "excluded_lines": 0}, "missing_lines": [7, 8, 9, 10, 13, 14, 16, 17, 18, 19, 20, 21, 24, 25, 27, 28, 29, 30, 31, 32, 35, 36, 38, 39, 40, 41, 44, 45, 47, 48, 49, 50, 51, 52, 53, 54, 57, 67, 80, 141, 205, 233], "excluded_lines": []}}}, "scripts/inbox_generator/generators/__init__.py": {"executed_lines": [], "summary": {"covered_lines": 0, "num_statements": 14, "percent_covered": 0.0, "percent_covered_display": "0", "missing_lines": 14, "excluded_lines": 0}, "missing_lines": [7, 8, 9, 10, 11, 14, 33, 40, 41, 46, 49, 50, 52, 55], "excluded_lines": [], "functions": {"get_generator": {"executed_lines": [], "summary": {"covered_lines": 0, "num_statements": 7, "percent_covered": 0.0, "percent_covered_display": "0", "missing_lines": 7, "excluded_lines": 0}, "missing_lines": [33, 40, 41, 46, 49, 50, 52], "excluded_lines": []}, "": {"executed_lines": [], "summary": {"covered_lines": 0, "num_statements": 7, "percent_covered": 0.0, "percent_covered_display": "0", "missing_lines": 7, "excluded_lines": 0}, "missing_lines": [7, 8, 9, 10, 11, 14, 55], "excluded_lines": []}}, "classes": {"": {"executed_lines": [], "summary": {"covered_lines": 0, "num_statements": 14, "percent_covered": 0.0, "percent_covered_display": "0", "missing_lines": 14, "excluded_lines": 0}, "missing_lines": [7, 8, 9, 10, 11, 14, 33, 40, 41, 46, 49, 50, 52, 55], "excluded_lines": []}}}, "scripts/inbox_generator/generators/ai_augmented.py": {"executed_lines": [], "summary": {"covered_lines": 0, "num_statements": 68, "percent_covered": 0.0, "percent_covered_display": "0", "missing_lines": 68, "excluded_lines": 0}, "missing_lines": [7, 8, 9, 10, 11, 14, 27, 35, 36, 38, 39, 44, 45, 46, 47, 49, 51, 72, 73, 78, 79, 80, 81, 82, 84, 87, 88, 89, 90, 92, 94, 108, 109, 111, 113, 126, 129, 133, 135, 137, 138, 142, 156, 157, 159, 161, 173, 176, 180, 182, 184, 185, 189, 200, 202, 203, 204, 205, 206, 208, 209, 210, 211, 214, 215, 216, 217, 219], "excluded_lines": [], "functions": {"AIAugmentedGenerator.__init__": {"executed_lines": [], "summary": {"covered_lines": 0, "num_statements": 9, "percent_covered": 0.0, "percent_covered_display": "0", "missing_lines": 9, "excluded_lines": 0}, "missing_lines": [35, 36, 38, 39, 44, 45, 46, 47, 49], "excluded_lines": []}, "AIAugmentedGenerator.generate": {"executed_lines": [], "summary": {"covered_lines": 0, "num_statements": 13, "percent_covered": 0.0, "percent_covered_display": "0", "missing_lines": 13, "excluded_lines": 0}, "missing_lines": [72, 73, 78, 79, 80, 81, 82, 84, 87, 88, 89, 90, 92], "excluded_lines": []}, "AIAugmentedGenerator._generate_anthropic": {"executed_lines": [], "summary": {"covered_lines": 0, "num_statements": 10, "percent_covered": 0.0, "percent_covered_display": "0", "missing_lines": 10, "excluded_lines": 0}, "missing_lines": [108, 109, 111, 113, 126, 129, 133, 135, 137, 138], "excluded_lines": []}, "AIAugmentedGenerator._generate_openai": {"executed_lines": [], "summary": {"covered_lines": 0, "num_statements": 10, "percent_covered": 0.0, "percent_covered_display": "0", "missing_lines": 10, "excluded_lines": 0}, "missing_lines": [156, 157, 159, 161, 173, 176, 180, 182, 184, 185], "excluded_lines": []}, "AIAugmentedGenerator._extract_json": {"executed_lines": [], "summary": {"covered_lines": 0, "num_statements": 15, "percent_covered": 0.0, "percent_covered_display": "0", "missing_lines": 15, "excluded_lines": 0}, "missing_lines": [200, 202, 203, 204, 205, 206, 208, 209, 210, 211, 214, 215, 216, 217, 219], "excluded_lines": []}, "": {"executed_lines": [], "summary": {"covered_lines": 0, "num_statements": 11, "percent_covered": 0.0, "percent_covered_display": "0", "missing_lines": 11, "excluded_lines": 0}, "missing_lines": [7, 8, 9, 10, 11, 14, 27, 51, 94, 142, 189], "excluded_lines": []}}, "classes": {"AIAugmentedGenerator": {"executed_lines": [], "summary": {"covered_lines": 0, "num_statements": 57, "percent_covered": 0.0, "percent_covered_display": "0", "missing_lines": 57, "excluded_lines": 0}, "missing_lines": [35, 36, 38, 39, 44, 45, 46, 47, 49, 72, 73, 78, 79, 80, 81, 82, 84, 87, 88, 89, 90, 92, 108, 109, 111, 113, 126, 129, 133, 135, 137, 138, 156, 157, 159, 161, 173, 176, 180, 182, 184, 185, 200, 202, 203, 204, 205, 206, 208, 209, 210, 211, 214, 215, 216, 217, 219], "excluded_lines": []}, "": {"executed_lines": [], "summary": {"covered_lines": 0, "num_statements": 11, "percent_covered": 0.0, "percent_covered_display": "0", "missing_lines": 11, "excluded_lines": 0}, "missing_lines": [7, 8, 9, 10, 11, 14, 27, 51, 94, 142, 189], "excluded_lines": []}}}, "scripts/inbox_generator/generators/base.py": {"executed_lines": [], "summary": {"covered_lines": 0, "num_statements": 11, "percent_covered": 0.0, "percent_covered_display": "0", "missing_lines": 11, "excluded_lines": 0}, "missing_lines": [7, 8, 9, 12, 19, 20, 41, 43, 60, 61, 62], "excluded_lines": [], "functions": {"BaseGenerator.generate": {"executed_lines": [], "summary": {"covered_lines": 0, "num_statements": 1, "percent_covered": 0.0, "percent_covered_display": "0", "missing_lines": 1, "excluded_lines": 0}, "missing_lines": [41], "excluded_lines": []}, "BaseGenerator.validate_context": {"executed_lines": [], "summary": {"covered_lines": 0, "num_statements": 3, "percent_covered": 0.0, "percent_covered_display": "0", "missing_lines": 3, "excluded_lines": 0}, "missing_lines": [60, 61, 62], "excluded_lines": []}, "": {"executed_lines": [], "summary": {"covered_lines": 0, "num_statements": 7, "percent_covered": 0.0, "percent_covered_display": "0", "missing_lines": 7, "excluded_lines": 0}, "missing_lines": [7, 8, 9, 12, 19, 20, 43], "excluded_lines": []}}, "classes": {"BaseGenerator": {"executed_lines": [], "summary": {"covered_lines": 0, "num_statements": 4, "percent_covered": 0.0, "percent_covered_display": "0", "missing_lines": 4, "excluded_lines": 0}, "missing_lines": [41, 60, 61, 62], "excluded_lines": []}, "": {"executed_lines": [], "summary": {"covered_lines": 0, "num_statements": 7, "percent_covered": 0.0, "percent_covered_display": "0", "missing_lines": 7, "excluded_lines": 0}, "missing_lines": [7, 8, 9, 12, 19, 20, 43], "excluded_lines": []}}}, "scripts/inbox_generator/generators/literal.py": {"executed_lines": [], "summary": {"covered_lines": 0, "num_statements": 8, "percent_covered": 0.0, "percent_covered_display": "0", "missing_lines": 8, "excluded_lines": 0}, "missing_lines": [7, 8, 9, 12, 21, 41, 42, 46], "excluded_lines": [], "functions": {"LiteralGenerator.generate": {"executed_lines": [], "summary": {"covered_lines": 0, "num_statements": 3, "percent_covered": 0.0, "percent_covered_display": "0", "missing_lines": 3, "excluded_lines": 0}, "missing_lines": [41, 42, 46], "excluded_lines": []}, "": {"executed_lines": [], "summary": {"covered_lines": 0, "num_statements": 5, "percent_covered": 0.0, "percent_covered_display": "0", "missing_lines": 5, "excluded_lines": 0}, "missing_lines": [7, 8, 9, 12, 21], "excluded_lines": []}}, "classes": {"LiteralGenerator": {"executed_lines": [], "summary": {"covered_lines": 0, "num_statements": 3, "percent_covered": 0.0, "percent_covered_display": "0", "missing_lines": 3, "excluded_lines": 0}, "missing_lines": [41, 42, 46], "excluded_lines": []}, "": {"executed_lines": [], "summary": {"covered_lines": 0, "num_statements": 5, "percent_covered": 0.0, "percent_covered_display": "0", "missing_lines": 5, "excluded_lines": 0}, "missing_lines": [7, 8, 9, 12, 21], "excluded_lines": []}}}, "scripts/inbox_generator/generators/template.py": {"executed_lines": [], "summary": {"covered_lines": 0, "num_statements": 27, "percent_covered": 0.0, "percent_covered_display": "0", "missing_lines": 27, "excluded_lines": 0}, "missing_lines": [7, 8, 9, 10, 13, 23, 44, 45, 49, 51, 54, 55, 56, 59, 60, 62, 63, 66, 67, 71, 72, 76, 86, 87, 88, 89, 90], "excluded_lines": [], "functions": {"TemplateGenerator.generate": {"executed_lines": [], "summary": {"covered_lines": 0, "num_statements": 15, "percent_covered": 0.0, "percent_covered_display": "0", "missing_lines": 15, "excluded_lines": 0}, "missing_lines": [44, 45, 49, 51, 54, 55, 56, 59, 60, 62, 63, 66, 67, 71, 72], "excluded_lines": []}, "TemplateGenerator.validate_template": {"executed_lines": [], "summary": {"covered_lines": 0, "num_statements": 5, "percent_covered": 0.0, "percent_covered_display": "0", "missing_lines": 5, "excluded_lines": 0}, "missing_lines": [86, 87, 88, 89, 90], "excluded_lines": []}, "": {"executed_lines": [], "summary": {"covered_lines": 0, "num_statements": 7, "percent_covered": 0.0, "percent_covered_display": "0", "missing_lines": 7, "excluded_lines": 0}, "missing_lines": [7, 8, 9, 10, 13, 23, 76], "excluded_lines": []}}, "classes": {"TemplateGenerator": {"executed_lines": [], "summary": {"covered_lines": 0, "num_statements": 20, "percent_covered": 0.0, "percent_covered_display": "0", "missing_lines": 20, "excluded_lines": 0}, "missing_lines": [44, 45, 49, 51, 54, 55, 56, 59, 60, 62, 63, 66, 67, 71, 72, 86, 87, 88, 89, 90], "excluded_lines": []}, "": {"executed_lines": [], "summary": {"covered_lines": 0, "num_statements": 7, "percent_covered": 0.0, "percent_covered_display": "0", "missing_lines": 7, "excluded_lines": 0}, "missing_lines": [7, 8, 9, 10, 13, 23, 76], "excluded_lines": []}}}, "scripts/inbox_generator/generators/user_input.py": {"executed_lines": [], "summary": {"covered_lines": 0, "num_statements": 25, "percent_covered": 0.0, "percent_covered_display": "0", "missing_lines": 25, "excluded_lines": 0}, "missing_lines": [7, 8, 9, 12, 22, 46, 48, 49, 50, 52, 53, 54, 55, 58, 63, 71, 74, 75, 76, 77, 80, 81, 83, 85, 87], "excluded_lines": [], "functions": {"UserInputGenerator.generate": {"executed_lines": [], "summary": {"covered_lines": 0, "num_statements": 9, "percent_covered": 0.0, "percent_covered_display": "0", "missing_lines": 9, "excluded_lines": 0}, "missing_lines": [46, 48, 49, 50, 52, 53, 54, 55, 58], "excluded_lines": []}, "UserInputGenerator._get_possible_keys": {"executed_lines": [], "summary": {"covered_lines": 0, "num_statements": 10, "percent_covered": 0.0, "percent_covered_display": "0", "missing_lines": 10, "excluded_lines": 0}, "missing_lines": [71, 74, 75, 76, 77, 80, 81, 83, 85, 87], "excluded_lines": []}, "": {"executed_lines": [], "summary": {"covered_lines": 0, "num_statements": 6, "percent_covered": 0.0, "percent_covered_display": "0", "missing_lines": 6, "excluded_lines": 0}, "missing_lines": [7, 8, 9, 12, 22, 63], "excluded_lines": []}}, "classes": {"UserInputGenerator": {"executed_lines": [], "summary": {"covered_lines": 0, "num_statements": 19, "percent_covered": 0.0, "percent_covered_display": "0", "missing_lines": 19, "excluded_lines": 0}, "missing_lines": [46, 48, 49, 50, 52, 53, 54, 55, 58, 71, 74, 75, 76, 77, 80, 81, 83, 85, 87], "excluded_lines": []}, "": {"executed_lines": [], "summary": {"covered_lines": 0, "num_statements": 6, "percent_covered": 0.0, "percent_covered_display": "0", "missing_lines": 6, "excluded_lines": 0}, "missing_lines": [7, 8, 9, 12, 22, 63], "excluded_lines": []}}}, "scripts/inbox_generator/utils/__init__.py": {"executed_lines": [], "summary": {"covered_lines": 0, "num_statements": 0, "percent_covered": 100.0, "percent_covered_display": "100", "missing_lines": 0, "excluded_lines": 0}, "missing_lines": [], "excluded_lines": [], "functions": {"": {"executed_lines": [], "summary": {"covered_lines": 0, "num_statements": 0, "percent_c
[...]
nes": 0}, "missing_lines": [29, 30, 31, 32, 33, 34, 36, 39, 63, 71, 72, 73, 74, 75, 76, 77, 78, 80, 81, 82, 83, 84, 85, 87, 88, 89, 91, 94, 111, 112, 114, 121, 122, 124, 125, 128, 129, 135, 140, 146, 151, 155, 159, 163, 167, 173, 178, 184, 190, 192, 194, 205, 206, 208, 209, 210, 213, 214, 216, 219, 220, 221, 228, 231, 232, 233, 234, 235, 236, 237, 239, 240, 241, 243, 244, 245, 248, 249], "excluded_lines": [], "functions": {"create_response": {"executed_lines": [], "summary": {"covered_lines": 0, "num_statements": 19, "percent_covered": 0.0, "percent_covered_display": "0", "missing_lines": 19, "excluded_lines": 0}, "missing_lines": [63, 71, 72, 73, 74, 75, 76, 77, 78, 80, 81, 82, 83, 84, 85, 87, 88, 89, 91], "excluded_lines": []}, "emit_event": {"executed_lines": [], "summary": {"covered_lines": 0, "num_statements": 7, "percent_covered": 0.0, "percent_covered_display": "0", "missing_lines": 7, "excluded_lines": 0}, "missing_lines": [111, 112, 114, 121, 122, 124, 125], "excluded_lines": []}, "main": {"executed_lines": [], "summary": {"covered_lines": 0, "num_statements": 40, "percent_covered": 0.0, "percent_covered_display": "0", "missing_lines": 40, "excluded_lines": 0}, "missing_lines": [129, 135, 140, 146, 151, 155, 159, 163, 167, 173, 178, 184, 190, 192, 194, 205, 206, 208, 209, 210, 213, 214, 216, 219, 220, 221, 228, 231, 232, 233, 234, 235, 236, 237, 239, 240, 241, 243, 244, 245], "excluded_lines": []}, "": {"executed_lines": [], "summary": {"covered_lines": 0, "num_statements": 12, "percent_covered": 0.0, "percent_covered_display": "0", "missing_lines": 12, "excluded_lines": 0}, "missing_lines": [29, 30, 31, 32, 33, 34, 36, 39, 94, 128, 248, 249], "excluded_lines": []}}, "classes": {"": {"executed_lines": [], "summary": {"covered_lines": 0, "num_statements": 78, "percent_covered": 0.0, "percent_covered_display": "0", "missing_lines": 78, "excluded_lines": 0}, "missing_lines": [29, 30, 31, 32, 33, 34, 36, 39, 63, 71, 72, 73, 74, 75, 76, 77, 78, 80, 81, 82, 83, 84, 85, 87, 88, 89, 91, 94, 111, 112, 114, 121, 122, 124, 125, 128, 129, 135, 140, 146, 151, 155, 159, 163, 167, 173, 178, 184, 190, 192, 194, 205, 206, 208, 209, 210, 213, 214, 216, 219, 220, 221, 228, 231, 232, 233, 234, 235, 236, 237, 239, 240, 241, 243, 244, 245, 248, 249], "excluded_lines": []}}}, "scripts/sap-evaluator.py": {"executed_lines": [], "summary": {"covered_lines": 0, "num_statements": 212, "percent_covered": 0.0, "percent_covered_display": "0", "missing_lines": 212, "excluded_lines": 0}, "missing_lines": [31, 32, 33, 34, 35, 36, 39, 40, 42, 50, 52, 55, 57, 58, 59, 60, 61, 63, 64, 65, 66, 67, 69, 70, 71, 72, 73, 74, 76, 77, 78, 79, 80, 81, 82, 83, 84, 86, 87, 88, 89, 90, 92, 93, 94, 95, 96, 98, 101, 103, 104, 105, 106, 107, 109, 110, 111, 112, 114, 115, 116, 117, 119, 120, 121, 122, 123, 125, 128, 130, 131, 132, 133, 134, 136, 137, 138, 139, 140, 142, 143, 144, 145, 146, 147, 149, 150, 151, 152, 153, 154, 155, 156, 157, 158, 159, 160, 161, 162, 163, 164, 165, 166, 167, 169, 170, 171, 172, 173, 175, 176, 177, 178, 179, 181, 182, 185, 187, 188, 190, 193, 195, 197, 198, 200, 203, 206, 207, 208, 209, 210, 212, 213, 214, 215, 217, 218, 219, 220, 222, 223, 224, 225, 227, 228, 229, 230, 231, 232, 233, 234, 235, 236, 237, 239, 241, 242, 244, 247, 248, 255, 256, 263, 268, 275, 280, 287, 290, 292, 293, 295, 296, 298, 301, 302, 303, 305, 307, 308, 310, 312, 314, 316, 319, 320, 321, 322, 324, 325, 326, 328, 330, 332, 335, 336, 337, 338, 340, 341, 342, 344, 346, 348, 349, 350, 351, 352, 353, 354, 355, 358, 359], "excluded_lines": [], "functions": {"print_quick_results_terminal": {"executed_lines": [], "summary": {"covered_lines": 0, "num_statements": 1, "percent_covered": 0.0, "percent_covered_display": "0", "missing_lines": 1, "excluded_lines": 0}, "missing_lines": [52], "excluded_lines": []}, "print_deep_results_terminal": {"executed_lines": [], "summary": {"covered_lines": 0, "num_statements": 36, "percent_covered": 0.0, "percent_covered_display": "0", "missing_lines": 36, "excluded_lines": 0}, "missing_lines": [57, 58, 59, 60, 61, 63, 64, 65, 66, 67, 69, 70, 71, 72, 73, 74, 76, 77, 78, 79, 80, 81, 82, 83, 84, 86, 87, 88, 89, 90, 92, 93, 94, 95, 96, 98], "excluded_lines": []}, "print_strategic_results_terminal": {"executed_lines": [], "summary": {"covered_lines": 0, "num_statements": 19, "percent_covered": 0.0, "percent_covered_display": "0", "missing_lines": 19, "excluded_lines": 0}, "missing_lines": [103, 104, 105, 106, 107, 109, 110, 111, 112, 114, 115, 116, 117, 119, 120, 121, 122, 123, 125], "excluded_lines": []}, "save_markdown_report": {"executed_lines": [], "summary": {"covered_lines": 0, "num_statements": 51, "percent_covered": 0.0, "percent_covered_display": "0", "missing_lines": 51, "excluded_lines": 0}, "missing_lines": [130, 131, 132, 133, 134, 136, 137, 138, 139, 140, 142, 143, 144, 145, 146, 147, 149, 150, 151, 152, 153, 154, 155, 156, 157, 158, 159, 160, 161, 162, 163, 164, 165, 166, 167, 169, 170, 171, 172, 173, 175, 176, 177, 178, 179, 181, 182, 185, 187, 188, 190], "excluded_lines": []}, "save_json_output": {"executed_lines": [], "summary": {"covered_lines": 0, "num_statements": 4, "percent_covered": 0.0, "percent_covered_display": "0", "missing_lines": 4, "excluded_lines": 0}, "missing_lines": [195, 197, 198, 200], "excluded_lines": []}, "save_yaml_roadmap": {"executed_lines": [], "summary": {"covered_lines": 0, "num_statements": 32, "percent_covered": 0.0, "percent_covered_display": "0", "missing_lines": 32, "excluded_lines": 0}, "missing_lines": [206, 207, 208, 209, 210, 212, 213, 214, 215, 217, 218, 219, 220, 222, 223, 224, 225, 227, 228, 229, 230, 231, 232, 233, 234, 235, 236, 237, 239, 241, 242, 244], "excluded_lines": []}, "main": {"executed_lines": [], "summary": {"covered_lines": 0, "num_statements": 51, "percent_covered": 0.0, "percent_covered_display": "0", "missing_lines": 51, "excluded_lines": 0}, "missing_lines": [248, 255, 256, 263, 268, 275, 280, 287, 290, 292, 293, 295, 296, 298, 301, 302, 303, 305, 307, 308, 310, 312, 314, 316, 319, 320, 321, 322, 324, 325, 326, 328, 330, 332, 335, 336, 337, 338, 340, 341, 342, 344, 346, 348, 349, 350, 351, 352, 353, 354, 355], "excluded_lines": []}, "": {"executed_lines": [], "summary": {"covered_lines": 0, "num_statements": 18, "percent_covered": 0.0, "percent_covered_display": "0", "missing_lines": 18, "excluded_lines": 0}, "missing_lines": [31, 32, 33, 34, 35, 36, 39, 40, 42, 50, 55, 101, 128, 193, 203, 247, 358, 359], "excluded_lines": []}}, "classes": {"": {"executed_lines": [], "summary": {"covered_lines": 0, "num_statements": 212, "percent_covered": 0.0, "percent_covered_display": "0", "missing_lines": 212, "excluded_lines": 0}, "missing_lines": [31, 32, 33, 34, 35, 36, 39, 40, 42, 50, 52, 55, 57, 58, 59, 60, 61, 63, 64, 65, 66, 67, 69, 70, 71, 72, 73, 74, 76, 77, 78, 79, 80, 81, 82, 83, 84, 86, 87, 88, 89, 90, 92, 93, 94, 95, 96, 98, 101, 103, 104, 105, 106, 107, 109, 110, 111, 112, 114, 115, 116, 117, 119, 120, 121, 122, 123, 125, 128, 130, 131, 132, 133, 134, 136, 137, 138, 139, 140, 142, 143, 144, 145, 146, 147, 149, 150, 151, 152, 153, 154, 155, 156, 157, 158, 159, 160, 161, 162, 163, 164, 165, 166, 167, 169, 170, 171, 172, 173, 175, 176, 177, 178, 179, 181, 182, 185, 187, 188, 190, 193, 195, 197, 198, 200, 203, 206, 207, 208, 209, 210, 212, 213, 214, 215, 217, 218, 219, 220, 222, 223, 224, 225, 227, 228, 229, 230, 231, 232, 233, 234, 235, 236, 237, 239, 241, 242, 244, 247, 248, 255, 256, 263, 268, 275, 280, 287, 290, 292, 293, 295, 296, 298, 301, 302, 303, 305, 307, 308, 310, 312, 314, 316, 319, 320, 321, 322, 324, 325, 326, 328, 330, 332, 335, 336, 337, 338, 340, 341, 342, 344, 346, 348, 349, 350, 351, 352, 353, 354, 355, 358, 359], "excluded_lines": []}}}, "scripts/suggest-next.py": {"executed_lines": [], "summary": {"covered_lines": 0, "num_statements": 252, "percent_covered": 0.0, "percent_covered_display": "0", "missing_lines": 252, "excluded_lines": 0}, "missing_lines": [18, 19, 20, 21, 22, 23, 24, 26, 29, 30, 33, 34, 35, 36, 37, 38, 39, 42, 45, 47, 48, 49, 50, 52, 54, 55, 57, 58, 59, 61, 62, 63, 64, 65, 67, 68, 69, 70, 71, 73, 75, 77, 78, 80, 82, 84, 94, 95, 97, 98, 100, 101, 103, 104, 106, 108, 110, 111, 112, 114, 115, 116, 117, 118, 120, 122, 123, 124, 126, 129, 130, 132, 133, 134, 145, 147, 149, 150, 151, 153, 154, 156, 158, 159, 168, 169, 170, 171, 172, 173, 174, 175, 177, 179, 181, 188, 189, 195, 196, 197, 200, 201, 207, 208, 209, 212, 213, 219, 220, 221, 223, 225, 227, 228, 229, 230, 231, 233, 236, 238, 239, 241, 242, 243, 244, 245, 247, 250, 253, 255, 257, 266, 269, 272, 275, 278, 281, 282, 283, 284, 287, 288, 290, 292, 294, 297, 298, 299, 312, 315, 316, 317, 320, 321, 322, 335, 336, 337, 338, 350, 351, 352, 353, 366, 368, 370, 371, 373, 374, 385, 386, 397, 398, 411, 412, 413, 414, 426, 428, 430, 433, 434, 435, 448, 450, 451, 463, 464, 476, 477, 489, 491, 493, 499, 500, 504, 505, 517, 519, 521, 526, 527, 529, 530, 542, 545, 547, 548, 549, 551, 552, 553, 555, 557, 558, 559, 560, 562, 565, 571, 573, 574, 576, 577, 579, 580, 582, 585, 587, 590, 596, 600, 606, 613, 616, 617, 620, 623, 624, 635, 636, 637, 638, 639, 640, 641, 642, 643, 644, 646, 649, 650], "excluded_lines": [], "functions": {"ProjectContext.__init__": {"executed_lines": [], "summary": {"covered_lines": 0, "num_statements": 4, "percent_covered": 0.0, "percent_covered_display": "0", "missing_lines": 4, "excluded_lines": 0}, "missing_lines": [47, 48, 49, 50], "excluded_lines": []}, "ProjectContext.get_recent_events": {"executed_lines": [], "summary": {"covered_lines": 0, "num_statements": 16, "percent_covered": 0.0, "percent_covered_display": "0", "missing_lines": 16, "excluded_lines": 0}, "missing_lines": [54, 55, 57, 58, 59, 61, 62, 63, 64, 65, 67, 68, 69, 70, 71, 73], "excluded_lines": []}, "ProjectContext.get_active_work": {"executed_lines": [], "summary": {"covered_lines": 0, "num_statements": 3, "percent_covered": 0.0, "percent_covered_display": "0", "missing_lines": 3, "excluded_lines": 0}, "missing_lines": [77, 78, 80], "excluded_lines": []}, "ProjectContext.get_inbox_status": {"executed_lines": [], "summary": {"covered_lines": 0, "num_statements": 10, "percent_covered": 0.0, "percent_covered_display": "0", "missing_lines": 10, "excluded_lines": 0}, "missing_lines": [84, 94, 95, 97, 98, 100, 101, 103, 104, 106], "excluded_lines": []}, "ProjectContext.get_ecosystem_status": {"executed_lines": [], "summary": {"covered_lines": 0, "num_statements": 8, "percent_covered": 0.0, "percent_covered_display": "0", "missing_lines": 8, "excluded_lines": 0}, "missing_lines": [110, 111, 112, 114, 115, 116, 117, 118], "excluded_lines": []}, "ProjectContext.get_coordination_requests": {"executed_lines": [], "summary": {"covered_lines": 0, "num_statements": 10, "percent_covered": 0.0, "percent_covered_display": "0", "missing_lines": 10, "excluded_lines": 0}, "missing_lines": [122, 123, 124, 126, 129, 130, 132, 133, 134, 145], "excluded_lines": []}, "ProjectContext.get_blockers": {"executed_lines": [], "summary": {"covered_lines": 0, "num_statements": 5, "percent_covered": 0.0, "percent_covered_display": "0", "missing_lines": 5, "excluded_lines": 0}, "missing_lines": [149, 150, 151, 153, 154], "excluded_lines": []}, "ProjectContext.check_test_coverage": {"executed_lines": [], "summary": {"covered_lines": 0, "num_statements": 11, "percent_covered": 0.0, "percent_covered_display": "0", "missing_lines": 11, "excluded_lines": 0}, "missing_lines": [158, 159, 168, 169, 170, 171, 172, 173, 174, 175, 177], "excluded_lines": []}, "ProjectContext.check_quality_gates": {"executed_lines": [], "summary": {"covered_lines": 0, "num_statements": 17, "percent_covered": 0.0, "percent_covered_display": "0", "missing_lines": 17, "excluded_lines": 0}, "missing_lines": [181, 188, 189, 195, 196, 197, 200, 201, 207, 208, 209, 212, 213, 219, 220, 221, 223], "excluded_lines": []}, "ProjectContext.detect_phase": {"executed_lines": [], "summary": {"covered_lines": 0, "num_statements": 15, "percent_covered": 0.0, "percent_covered_display": "0", "missing_lines": 15, "excluded_lines": 0}, "missing_lines": [227, 228, 229, 230, 231, 233, 236, 238, 239, 241, 242, 243, 244, 245, 247], "excluded_lines": []}, "SuggestionEngine.__init__": {"executed_lines": [], "summary": {"covered_lines": 0, "num_statements": 1, "percent_covered": 0.0, "percent_covered_display": "0", "missing_lines": 1, "excluded_lines": 0}, "missing_lines": [255], "excluded_lines": []}, "SuggestionEngine.suggest": {"executed_lines": [], "summary": {"covered_lines": 0, "num_statements": 12, "percent_covered": 0.0, "percent_covered_display": "0", "missing_lines": 12, "excluded_lines": 0}, "missing_lines": [266, 269, 272, 275, 278, 281, 282, 283, 284, 287, 288, 290], "excluded_lines": []}, "SuggestionEngine._suggest_workflow": {"executed_lines": [], "summary": {"covered_lines": 0, "num_statements": 34, "percent_covered": 0.0, "percent_covered_display": "0", "missing_lines": 34, "excluded_lines": 0}, "missing_lines": [294, 297, 298, 299, 312, 315, 316, 317, 320, 321, 322, 335, 336, 337, 338, 350, 351, 352, 353, 366, 368, 370, 371, 373, 374, 385, 386, 397, 398, 411, 412, 413, 414, 426], "excluded_lines": []}, "SuggestionEngine._suggest_quality": {"executed_lines": [], "summary": {"covered_lines": 0, "num_statements": 12, "percent_covered": 0.0, "percent_covered_display": "0", "missing_lines": 12, "excluded_lines": 0}, "missing_lines": [430, 433, 434, 435, 448, 450, 451, 463, 464, 476, 477, 489], "excluded_lines": []}, "SuggestionEngine._suggest_planning": {"executed_lines": [], "summary": {"covered_lines": 0, "num_statements": 6, "percent_covered": 0.0, "percent_covered_display": "0", "missing_lines": 6, "excluded_lines": 0}, "missing_lines": [493, 499, 500, 504, 505, 517], "excluded_lines": []}, "SuggestionEngine._suggest_learning": {"executed_lines": [], "summary": {"covered_lines": 0, "num_statements": 6, "percent_covered": 0.0, "percent_covered_display": "0", "missing_lines": 6, "excluded_lines": 0}, "missing_lines": [521, 526, 527, 529, 530, 542], "excluded_lines": []}, "display_suggestions": {"executed_lines": [], "summary": {"covered_lines": 0, "num_statements": 21, "percent_covered": 0.0, "percent_covered_display": "0", "missing_lines": 21, "excluded_lines": 0}, "missing_lines": [547, 548, 549, 551, 552, 553, 555, 557, 558, 559, 560, 562, 565, 571, 573, 574, 576, 577, 579, 580, 582], "excluded_lines": []}, "main": {"executed_lines": [], "summary": {"covered_lines": 0, "num_statements": 22, "percent_covered": 0.0, "percent_covered_display": "0", "missing_lines": 22, "excluded_lines": 0}, "missing_lines": [587, 590, 596, 600, 606, 613, 616, 617, 620, 623, 624, 635, 636, 637, 638, 639, 640, 641, 642, 643, 644, 646], "excluded_lines": []}, "": {"executed_lines": [], "summary": {"covered_lines": 0, "num_statements": 39, "percent_covered": 0.0, "percent_covered_display": "0", "missing_lines": 39, "excluded_lines": 0}, "missing_lines": [18, 19, 20, 21, 22, 23, 24, 26, 29, 30, 33, 34, 35, 36, 37, 38, 39, 42, 45, 52, 75, 82, 108, 120, 147, 156, 179, 225, 250, 253, 257, 292, 428, 491, 519, 545, 585, 649, 650], "excluded_lines": []}}, "classes": {"Suggestion": {"executed_lines": [], "summary": {"covered_lines": 0, "num_statements": 0, "percent_covered": 100.0, "percent_covered_display": "100", "missing_lines": 0, "excluded_lines": 0}, "missing_lines": [], "excluded_lines": []}, "ProjectContext": {"executed_lines": [], "summary": {"covered_lines": 0, "num_statements": 99, "percent_covered": 0.0, "percent_covered_display": "0", "missing_lines": 99, "excluded_lines": 0}, "missing_lines": [47, 48, 49, 50, 54, 55, 57, 58, 59, 61, 62, 63, 64, 65, 67, 68, 69, 70, 71, 73, 77, 78, 80, 84, 94, 95, 97, 98, 100, 101, 103, 104, 106, 110, 111, 112, 114, 115, 116, 117, 118, 122, 123, 124, 126, 129, 130, 132, 133, 134, 145, 149, 150, 151, 153, 154, 158, 159, 168, 169, 170, 171, 172, 173, 174, 175, 177, 181, 188, 189, 195, 196, 197, 200, 201, 207, 208, 209, 212, 213, 219, 220, 221, 223, 227, 228, 229, 230, 231, 233, 236, 238, 239, 241, 242, 243, 244, 245, 247], "excluded_lines": []}, "SuggestionEngine": {"executed_lines": [], "summary": {"covered_lines": 0, "num_statements": 71, "percent_covered": 0.0, "percent_covered_display": "0", "missing_lines": 71, "excluded_lines": 0}, "missing_lines": [255, 266, 269, 272, 275, 278, 281, 282, 283, 284, 287, 288, 290, 294, 297, 298, 299, 312, 315, 316, 317, 320, 321, 322, 335, 336, 337, 338, 350, 351, 352, 353, 366, 368, 370, 371, 373, 374, 385, 386, 397, 398, 411, 412, 413, 414, 426, 430, 433, 434, 435, 448, 450, 451, 463, 464, 476, 477, 489, 493, 499, 500, 504, 505, 517, 521, 526, 527, 529, 530, 542], "excluded_lines": []}, "": {"executed_lines": [], "summary": {"covered_lines": 0, "num_statements": 82, "percent_covered": 0.0, "percent_covered_display": "0", "missing_lines": 82, "excluded_lines": 0}, "missing_lines": [18, 19, 20, 21, 22, 23, 24, 26, 29, 30, 33, 34, 35, 36, 37, 38, 39, 42, 45, 52, 75, 82, 108, 120, 147, 156, 179, 225, 250, 253, 257, 292, 428, 491, 519, 545, 547, 548, 549, 551, 552, 553, 555, 557, 558, 559, 560, 562, 565, 571, 573, 574, 576, 577, 579, 580, 582, 585, 587, 590, 596, 600, 606, 613, 616, 617, 620, 623, 624, 635, 636, 637, 638, 639, 640, 641, 642, 643, 644, 646, 649, 650], "excluded_lines": []}}}, "scripts/test-mcp-template-render.py": {"executed_lines": [], "summary": {"covered_lines": 0, "num_statements": 51, "percent_covered": 0.0, "percent_covered_display": "0", "missing_lines": 51, "excluded_lines": 0}, "missing_lines": [10, 11, 12, 13, 15, 17, 20, 21, 22, 23, 25, 26, 29, 32, 38, 39, 40, 41, 43, 44, 46, 47, 48, 49, 50, 53, 54, 57, 58, 60, 61, 63, 65, 67, 68, 69, 71, 73, 74, 75, 76, 77, 78, 79, 80, 81, 82, 83, 84, 86, 87], "excluded_lines": [], "functions": {"main": {"executed_lines": [], "summary": {"covered_lines": 0, "num_statements": 44, "percent_covered": 0.0, "percent_covered_display": "0", "missing_lines": 44, "excluded_lines": 0}, "missing_lines": [17, 20, 21, 22, 23, 25, 26, 29, 32, 38, 39, 40, 41, 43, 44, 46, 47, 48, 49, 50, 53, 54, 57, 58, 60, 61, 63, 65, 67, 68, 69, 71, 73, 74, 75, 76, 77, 78, 79, 80, 81, 82, 83, 84], "excluded_lines": []}, "": {"executed_lines": [], "summary": {"covered_lines": 0, "num_statements": 7, "percent_covered": 0.0, "percent_covered_display": "0", "missing_lines": 7, "excluded_lines": 0}, "missing_lines": [10, 11, 12, 13, 15, 86, 87], "excluded_lines": []}}, "classes": {"": {"executed_lines": [], "summary": {"covered_lines": 0, "num_statements": 51, "percent_covered": 0.0, "percent_covered_display": "0", "missing_lines": 51, "excluded_lines": 0}, "missing_lines": [10, 11, 12, 13, 15, 17, 20, 21, 22, 23, 25, 26, 29, 32, 38, 39, 40, 41, 43, 44, 46, 47, 48, 49, 50, 53, 54, 57, 58, 60, 61, 63, 65, 67, 68, 69, 71, 73, 74, 75, 76, 77, 78, 79, 80, 81, 82, 83, 84, 86, 87], "excluded_lines": []}}}, "scripts/wave2-audit.py": {"executed_lines": [], "summary": {"covered_lines": 0, "num_statements": 20, "percent_covered": 0.0, "percent_covered_display": "0", "missing_lines": 20, "excluded_lines": 0}, "missing_lines": [4, 5, 7, 16, 17, 19, 20, 21, 22, 23, 25, 26, 27, 28, 29, 30, 31, 32, 34, 35], "excluded_lines": [], "functions": {"": {"executed_lines": [], "summary": {"covered_lines": 0, "num_statements": 20, "percent_covered": 0.0, "percent_covered_display": "0", "missing_lines": 20, "excluded_lines": 0}, "missing_lines": [4, 5, 7, 16, 17, 19, 20, 21, 22, 23, 25, 26, 27, 28, 29, 30, 31, 32, 34, 35], "excluded_lines": []}}, "classes": {"": {"executed_lines": [], "summary": {"covered_lines": 0, "num_statements": 20, "percent_covered": 0.0, "percent_covered_display": "0", "missing_lines": 20, "excluded_lines": 0}, "missing_lines": [4, 5, 7, 16, 17, 19, 20, 21, 22, 23, 25, 26, 27, 28, 29, 30, 31, 32, 34, 35], "excluded_lines": []}}}}, "totals": {"covered_lines": 253, "num_statements": 4737, "percent_covered": 5.340933080008444, "percent_covered_display": "5", "missing_lines": 4484, "excluded_lines": 0}}